<?xml version="1.0" encoding="UTF-8"?>
<robot generator="Robot 3.2.1 (Python 3.8.5 on win32)" generated="20210603 10:39:02.244" rpa="false">
<suite id="s1" name="CrawlingEngineeTest" source="E:\PERSONAL\Putri\Robot Framework\LakiBanget\TestCases\CrawlingEngineeTest.robot">
<test id="s1-t1" name="Test Read and Input CrawlPage">
<kw name="Go to Admin Page" library="CommonFunctionality" type="setup">
<kw name="Open Browser" library="SeleniumLibrary">
<doc>Opens a new browser instance to the optional ``url``.</doc>
<arguments>
<arg>${URL ADMIN}</arg>
<arg>${BROWSER}</arg>
</arguments>
<msg timestamp="20210603 10:39:07.588" level="INFO">Opening browser 'Chrome' to base url 'https://lakibanget.id/wp-admin'.</msg>
<status status="PASS" starttime="20210603 10:39:07.587" endtime="20210603 10:39:49.201"></status>
</kw>
<status status="PASS" starttime="20210603 10:39:07.587" endtime="20210603 10:39:49.202"></status>
</kw>
<kw name="Login To LakiBanget" library="LoginPage">
<arguments>
<arg>${${SOURCE_ARTICLE}.user_login}</arg>
<arg>${${SOURCE_ARTICLE}.user_password}</arg>
</arguments>
<kw name="Input Username" library="LoginPage">
<arguments>
<arg>${name_login}</arg>
</arguments>
<kw name="Input Text" library="SeleniumLibrary">
<doc>Types the given ``text`` into the text field identified by ``locator``.</doc>
<arguments>
<arg>${UsernameTextBox}</arg>
<arg>${namelogin}</arg>
</arguments>
<msg timestamp="20210603 10:39:49.209" level="INFO">Typing text 'lakibanget.popmama@gmail.com' into text field 'id=user_login'.</msg>
<status status="PASS" starttime="20210603 10:39:49.208" endtime="20210603 10:39:49.338"></status>
</kw>
<status status="PASS" starttime="20210603 10:39:49.207" endtime="20210603 10:39:49.338"></status>
</kw>
<kw name="Input password" library="LoginPage">
<arguments>
<arg>${password_login}</arg>
</arguments>
<kw name="Input Text" library="SeleniumLibrary">
<doc>Types the given ``text`` into the text field identified by ``locator``.</doc>
<arguments>
<arg>${passwordTextBox}</arg>
<arg>${password_login}</arg>
</arguments>
<msg timestamp="20210603 10:39:49.340" level="INFO">Typing text 'xfpOTuH^8XnVCz9B#6eR&amp;&amp;GU' into text field 'id=user_pass'.</msg>
<status status="PASS" starttime="20210603 10:39:49.339" endtime="20210603 10:39:49.472"></status>
</kw>
<status status="PASS" starttime="20210603 10:39:49.339" endtime="20210603 10:39:49.473"></status>
</kw>
<kw name="Click Submit" library="LoginPage">
<kw name="Click Element" library="SeleniumLibrary">
<doc>Click the element identified by ``locator``.</doc>
<arguments>
<arg>${buttonSubmit}</arg>
</arguments>
<msg timestamp="20210603 10:39:49.475" level="INFO">Clicking element 'id=wp-submit'.</msg>
<status status="PASS" starttime="20210603 10:39:49.474" endtime="20210603 10:40:20.265"></status>
</kw>
<status status="PASS" starttime="20210603 10:39:49.473" endtime="20210603 10:40:20.266"></status>
</kw>
<status status="PASS" starttime="20210603 10:39:49.204" endtime="20210603 10:40:20.266"></status>
</kw>
<kw name="Go To Webpage to Crawl" library="GeneralWebCrawlPage">
<arguments>
<arg>${${SOURCE_ARTICLE}.web_link}</arg>
<arg>${${SOURCE_ARTICLE}.welcome_screen}</arg>
</arguments>
<kw name="Set Test Variable" library="BuiltIn">
<doc>Makes a variable available everywhere within the scope of the current test.</doc>
<arguments>
<arg>${web_link}</arg>
</arguments>
<msg timestamp="20210603 10:40:20.268" level="INFO">${web_link} = https://www.popmama.com/life/relationship</msg>
<status status="PASS" starttime="20210603 10:40:20.268" endtime="20210603 10:40:20.268"></status>
</kw>
<kw name="Set Test Variable" library="BuiltIn">
<doc>Makes a variable available everywhere within the scope of the current test.</doc>
<arguments>
<arg>${welcome_screen_selector}</arg>
</arguments>
<msg timestamp="20210603 10:40:20.269" level="INFO">${welcome_screen_selector} = xpath=//h2[@class='sub-cat-title']//span[contains(text(),'Relationship')]</msg>
<status status="PASS" starttime="20210603 10:40:20.268" endtime="20210603 10:40:20.269"></status>
</kw>
<kw name="Go To" library="SeleniumLibrary">
<doc>Navigates the current browser window to the provided ``url``.</doc>
<arguments>
<arg>${web_link}</arg>
</arguments>
<msg timestamp="20210603 10:40:20.269" level="INFO">Opening url 'https://www.popmama.com/life/relationship'</msg>
<status status="PASS" starttime="20210603 10:40:20.269" endtime="20210603 10:40:28.824"></status>
</kw>
<kw name="Wait Until Element Is Visible" library="SeleniumLibrary">
<doc>Waits until the element ``locator`` is visible.</doc>
<arguments>
<arg>${welcome_screen_selector}</arg>
</arguments>
<status status="PASS" starttime="20210603 10:40:28.824" endtime="20210603 10:40:29.061"></status>
</kw>
<kw name="Reload Page" library="SeleniumLibrary">
<doc>Simulates user reloading page.</doc>
<status status="PASS" starttime="20210603 10:40:29.062" endtime="20210603 10:40:32.188"></status>
</kw>
<status status="PASS" starttime="20210603 10:40:20.266" endtime="20210603 10:40:32.189"></status>
</kw>
<kw name="Set Variable" library="BuiltIn">
<doc>Returns the given values which can then be assigned to a variables.</doc>
<arguments>
<arg>${${SOURCE_ARTICLE}.PATH_Doc}</arg>
</arguments>
<assign>
<var>${PATH_Doc}</var>
</assign>
<msg timestamp="20210603 10:40:32.206" level="INFO">${PATH_Doc} = E:\PERSONAL\Putri\Robot Framework\LakiBanget\Resources/popmama.txt</msg>
<status status="PASS" starttime="20210603 10:40:32.205" endtime="20210603 10:40:32.206"></status>
</kw>
<kw name="Set Test Variable" library="BuiltIn">
<doc>Makes a variable available everywhere within the scope of the current test.</doc>
<arguments>
<arg>${PATH_Doc}</arg>
</arguments>
<msg timestamp="20210603 10:40:32.217" level="INFO">${PATH_Doc} = E:\PERSONAL\Putri\Robot Framework\LakiBanget\Resources/popmama.txt</msg>
<status status="PASS" starttime="20210603 10:40:32.216" endtime="20210603 10:40:32.217"></status>
</kw>
<kw name="Read List Artikel CrawlPage" library="GeneralWebCrawlPage">
<arguments>
<arg>${${SOURCE_ARTICLE} .art_list_selector}</arg>
<arg>${${SOURCE_ARTICLE}.artitem_title}</arg>
<arg>${${SOURCE_ARTICLE}_ArticleBody}</arg>
</arguments>
<kw name="Wait Until Element Is Visible" library="SeleniumLibrary">
<doc>Waits until the element ``locator`` is visible.</doc>
<arguments>
<arg>${art_list_selector}</arg>
</arguments>
<status status="PASS" starttime="20210603 10:40:32.222" endtime="20210603 10:40:32.949"></status>
</kw>
<kw name="Read Latest Artikel title" library="GeneralWebCrawlPage">
<assign>
<var>${last_title}</var>
</assign>
<kw name="Get File" library="OperatingSystem">
<doc>Returns the contents of a specified file.</doc>
<arguments>
<arg>${PATH_Doc}</arg>
</arguments>
<assign>
<var>${last_title}</var>
</assign>
<msg timestamp="20210603 10:40:32.952" level="INFO" html="yes">Getting file '&lt;a href="file://E:\PERSONAL\Putri\Robot Framework\LakiBanget\Resources\popmama.txt"&gt;E:\PERSONAL\Putri\Robot Framework\LakiBanget\Resources\popmama.txt&lt;/a&gt;'.</msg>
<msg timestamp="20210603 10:40:32.979" level="INFO">${last_title} = Ada Saatnya Melawan! Ini 5 Cara Hadapi Silent Treatment dari Pasangan</msg>
<status status="PASS" starttime="20210603 10:40:32.951" endtime="20210603 10:40:32.979"></status>
</kw>
<msg timestamp="20210603 10:40:32.980" level="INFO">${last_title} = Ada Saatnya Melawan! Ini 5 Cara Hadapi Silent Treatment dari Pasangan</msg>
<status status="PASS" starttime="20210603 10:40:32.950" endtime="20210603 10:40:32.980"></status>
</kw>
<kw name="Last Artikel Index CrawlPage" library="GeneralWebCrawlPage">
<arguments>
<arg>${last_title}</arg>
<arg>${artitem_title}</arg>
</arguments>
<kw name="Log" library="BuiltIn">
<doc>Logs the given message with the given level.</doc>
<arguments>
<arg>${artitem_title}</arg>
</arguments>
<msg timestamp="20210603 10:40:32.982" level="INFO">xpath=//div[@class='post-list'][1]//div[@class='row gutter-20 post-list-item'][%]//div[@class='col-xs-7']//div//a//h3</msg>
<status status="PASS" starttime="20210603 10:40:32.981" endtime="20210603 10:40:32.982"></status>
</kw>
<kw name="${j} IN RANGE [ ${10} ]" type="for">
<kw name="${j} = 0" type="foritem">
<kw name="Evaluate" library="BuiltIn">
<doc>Evaluates the given expression in Python and returns the result.</doc>
<arguments>
<arg>${j}+${1}</arg>
</arguments>
<assign>
<var>${j}</var>
</assign>
<msg timestamp="20210603 10:40:32.984" level="INFO">${j} = 1</msg>
<status status="PASS" starttime="20210603 10:40:32.983" endtime="20210603 10:40:32.984"></status>
</kw>
<kw name="Set Variable" library="BuiltIn">
<doc>Returns the given values which can then be assigned to a variables.</doc>
<arguments>
<arg>${artitem_title.replace("%", "${j}")}</arg>
</arguments>
<assign>
<var>${locator}</var>
</assign>
<msg timestamp="20210603 10:40:32.985" level="INFO">${locator} = xpath=//div[@class='post-list'][1]//div[@class='row gutter-20 post-list-item'][1]//div[@class='col-xs-7']//div//a//h3</msg>
<status status="PASS" starttime="20210603 10:40:32.984" endtime="20210603 10:40:32.985"></status>
</kw>
<kw name="Scroll Element Into View" library="SeleniumLibrary">
<doc>Scrolls the element identified by ``locator`` into view.</doc>
<arguments>
<arg>${locator}</arg>
</arguments>
<status status="PASS" starttime="20210603 10:40:32.985" endtime="20210603 10:40:39.118"></status>
</kw>
<kw name="Get Text" library="SeleniumLibrary">
<doc>Returns the text value of the element identified by ``locator``.</doc>
<arguments>
<arg>${locator}</arg>
</arguments>
<assign>
<var>${art_title}</var>
</assign>
<msg timestamp="20210603 10:40:39.154" level="INFO">${art_title} = Pesan Haru Larissa Chou untuk Sang Anak yang Ramai Jadi Perbincangan</msg>
<status status="PASS" starttime="20210603 10:40:39.118" endtime="20210603 10:40:39.154"></status>
</kw>
<kw name="Remove String" library="String">
<doc>Removes all ``removables`` from the given ``string``.</doc>
<arguments>
<arg>${art_title}</arg>
<arg>'</arg>
</arguments>
<assign>
<var>${art_title}</var>
</assign>
<msg timestamp="20210603 10:40:39.155" level="INFO">${art_title} = Pesan Haru Larissa Chou untuk Sang Anak yang Ramai Jadi Perbincangan</msg>
<status status="PASS" starttime="20210603 10:40:39.155" endtime="20210603 10:40:39.155"></status>
</kw>
<kw name="Remove String" library="String">
<doc>Removes all ``removables`` from the given ``string``.</doc>
<arguments>
<arg>${art_title}</arg>
<arg>"</arg>
</arguments>
<assign>
<var>${art_title}</var>
</assign>
<msg timestamp="20210603 10:40:39.156" level="INFO">${art_title} = Pesan Haru Larissa Chou untuk Sang Anak yang Ramai Jadi Perbincangan</msg>
<status status="PASS" starttime="20210603 10:40:39.156" endtime="20210603 10:40:39.156"></status>
</kw>
<kw name="Remove String" library="String">
<doc>Removes all ``removables`` from the given ``string``.</doc>
<arguments>
<arg>${last_title}</arg>
<arg>'</arg>
</arguments>
<assign>
<var>${last_title}</var>
</assign>
<msg timestamp="20210603 10:40:39.157" level="INFO">${last_title} = Ada Saatnya Melawan! Ini 5 Cara Hadapi Silent Treatment dari Pasangan</msg>
<status status="PASS" starttime="20210603 10:40:39.157" endtime="20210603 10:40:39.157"></status>
</kw>
<kw name="Remove String" library="String">
<doc>Removes all ``removables`` from the given ``string``.</doc>
<arguments>
<arg>${last_title}</arg>
<arg>"</arg>
</arguments>
<assign>
<var>${last_title}</var>
</assign>
<msg timestamp="20210603 10:40:39.158" level="INFO">${last_title} = Ada Saatnya Melawan! Ini 5 Cara Hadapi Silent Treatment dari Pasangan</msg>
<status status="PASS" starttime="20210603 10:40:39.157" endtime="20210603 10:40:39.158"></status>
</kw>
<kw name="Exit For Loop If" library="BuiltIn">
<doc>Stops executing the enclosing for loop if the ``condition`` is true.</doc>
<arguments>
<arg>"${last_title}" == "${art_title}"</arg>
</arguments>
<status status="PASS" starttime="20210603 10:40:39.158" endtime="20210603 10:40:39.159"></status>
</kw>
<kw name="Evaluate" library="BuiltIn">
<doc>Evaluates the given expression in Python and returns the result.</doc>
<arguments>
<arg>${j}+${0}</arg>
</arguments>
<assign>
<var>${last_artIndex}</var>
</assign>
<msg timestamp="20210603 10:40:39.161" level="INFO">${last_artIndex} = 1</msg>
<status status="PASS" starttime="20210603 10:40:39.160" endtime="20210603 10:40:39.161"></status>
</kw>
<kw name="Log" library="BuiltIn">
<doc>Logs the given message with the given level.</doc>
<arguments>
<arg>${last_artIndex}</arg>
</arguments>
<msg timestamp="20210603 10:40:39.162" level="INFO">1</msg>
<status status="PASS" starttime="20210603 10:40:39.161" endtime="20210603 10:40:39.162"></status>
</kw>
<status status="PASS" starttime="20210603 10:40:32.983" endtime="20210603 10:40:39.162"></status>
</kw>
<kw name="${j} = 1" type="foritem">
<kw name="Evaluate" library="BuiltIn">
<doc>Evaluates the given expression in Python and returns the result.</doc>
<arguments>
<arg>${j}+${1}</arg>
</arguments>
<assign>
<var>${j}</var>
</assign>
<msg timestamp="20210603 10:40:39.163" level="INFO">${j} = 2</msg>
<status status="PASS" starttime="20210603 10:40:39.162" endtime="20210603 10:40:39.163"></status>
</kw>
<kw name="Set Variable" library="BuiltIn">
<doc>Returns the given values which can then be assigned to a variables.</doc>
<arguments>
<arg>${artitem_title.replace("%", "${j}")}</arg>
</arguments>
<assign>
<var>${locator}</var>
</assign>
<msg timestamp="20210603 10:40:39.165" level="INFO">${locator} = xpath=//div[@class='post-list'][1]//div[@class='row gutter-20 post-list-item'][2]//div[@class='col-xs-7']//div//a//h3</msg>
<status status="PASS" starttime="20210603 10:40:39.164" endtime="20210603 10:40:39.165"></status>
</kw>
<kw name="Scroll Element Into View" library="SeleniumLibrary">
<doc>Scrolls the element identified by ``locator`` into view.</doc>
<arguments>
<arg>${locator}</arg>
</arguments>
<status status="PASS" starttime="20210603 10:40:39.165" endtime="20210603 10:40:39.482"></status>
</kw>
<kw name="Get Text" library="SeleniumLibrary">
<doc>Returns the text value of the element identified by ``locator``.</doc>
<arguments>
<arg>${locator}</arg>
</arguments>
<assign>
<var>${art_title}</var>
</assign>
<msg timestamp="20210603 10:40:39.512" level="INFO">${art_title} = Apa Itu Pijat Nuru? Pijatan Erotis Asal Jepang yang Menggunakan Gel</msg>
<status status="PASS" starttime="20210603 10:40:39.482" endtime="20210603 10:40:39.512"></status>
</kw>
<kw name="Remove String" library="String">
<doc>Removes all ``removables`` from the given ``string``.</doc>
<arguments>
<arg>${art_title}</arg>
<arg>'</arg>
</arguments>
<assign>
<var>${art_title}</var>
</assign>
<msg timestamp="20210603 10:40:39.514" level="INFO">${art_title} = Apa Itu Pijat Nuru? Pijatan Erotis Asal Jepang yang Menggunakan Gel</msg>
<status status="PASS" starttime="20210603 10:40:39.513" endtime="20210603 10:40:39.514"></status>
</kw>
<kw name="Remove String" library="String">
<doc>Removes all ``removables`` from the given ``string``.</doc>
<arguments>
<arg>${art_title}</arg>
<arg>"</arg>
</arguments>
<assign>
<var>${art_title}</var>
</assign>
<msg timestamp="20210603 10:40:39.516" level="INFO">${art_title} = Apa Itu Pijat Nuru? Pijatan Erotis Asal Jepang yang Menggunakan Gel</msg>
<status status="PASS" starttime="20210603 10:40:39.514" endtime="20210603 10:40:39.516"></status>
</kw>
<kw name="Remove String" library="String">
<doc>Removes all ``removables`` from the given ``string``.</doc>
<arguments>
<arg>${last_title}</arg>
<arg>'</arg>
</arguments>
<assign>
<var>${last_title}</var>
</assign>
<msg timestamp="20210603 10:40:39.517" level="INFO">${last_title} = Ada Saatnya Melawan! Ini 5 Cara Hadapi Silent Treatment dari Pasangan</msg>
<status status="PASS" starttime="20210603 10:40:39.516" endtime="20210603 10:40:39.517"></status>
</kw>
<kw name="Remove String" library="String">
<doc>Removes all ``removables`` from the given ``string``.</doc>
<arguments>
<arg>${last_title}</arg>
<arg>"</arg>
</arguments>
<assign>
<var>${last_title}</var>
</assign>
<msg timestamp="20210603 10:40:39.518" level="INFO">${last_title} = Ada Saatnya Melawan! Ini 5 Cara Hadapi Silent Treatment dari Pasangan</msg>
<status status="PASS" starttime="20210603 10:40:39.518" endtime="20210603 10:40:39.518"></status>
</kw>
<kw name="Exit For Loop If" library="BuiltIn">
<doc>Stops executing the enclosing for loop if the ``condition`` is true.</doc>
<arguments>
<arg>"${last_title}" == "${art_title}"</arg>
</arguments>
<status status="PASS" starttime="20210603 10:40:39.519" endtime="20210603 10:40:39.519"></status>
</kw>
<kw name="Evaluate" library="BuiltIn">
<doc>Evaluates the given expression in Python and returns the result.</doc>
<arguments>
<arg>${j}+${0}</arg>
</arguments>
<assign>
<var>${last_artIndex}</var>
</assign>
<msg timestamp="20210603 10:40:39.520" level="INFO">${last_artIndex} = 2</msg>
<status status="PASS" starttime="20210603 10:40:39.519" endtime="20210603 10:40:39.520"></status>
</kw>
<kw name="Log" library="BuiltIn">
<doc>Logs the given message with the given level.</doc>
<arguments>
<arg>${last_artIndex}</arg>
</arguments>
<msg timestamp="20210603 10:40:39.520" level="INFO">2</msg>
<status status="PASS" starttime="20210603 10:40:39.520" endtime="20210603 10:40:39.520"></status>
</kw>
<status status="PASS" starttime="20210603 10:40:39.162" endtime="20210603 10:40:39.520"></status>
</kw>
<kw name="${j} = 2" type="foritem">
<kw name="Evaluate" library="BuiltIn">
<doc>Evaluates the given expression in Python and returns the result.</doc>
<arguments>
<arg>${j}+${1}</arg>
</arguments>
<assign>
<var>${j}</var>
</assign>
<msg timestamp="20210603 10:40:39.521" level="INFO">${j} = 3</msg>
<status status="PASS" starttime="20210603 10:40:39.521" endtime="20210603 10:40:39.521"></status>
</kw>
<kw name="Set Variable" library="BuiltIn">
<doc>Returns the given values which can then be assigned to a variables.</doc>
<arguments>
<arg>${artitem_title.replace("%", "${j}")}</arg>
</arguments>
<assign>
<var>${locator}</var>
</assign>
<msg timestamp="20210603 10:40:39.522" level="INFO">${locator} = xpath=//div[@class='post-list'][1]//div[@class='row gutter-20 post-list-item'][3]//div[@class='col-xs-7']//div//a//h3</msg>
<status status="PASS" starttime="20210603 10:40:39.521" endtime="20210603 10:40:39.522"></status>
</kw>
<kw name="Scroll Element Into View" library="SeleniumLibrary">
<doc>Scrolls the element identified by ``locator`` into view.</doc>
<arguments>
<arg>${locator}</arg>
</arguments>
<status status="PASS" starttime="20210603 10:40:39.522" endtime="20210603 10:40:39.838"></status>
</kw>
<kw name="Get Text" library="SeleniumLibrary">
<doc>Returns the text value of the element identified by ``locator``.</doc>
<arguments>
<arg>${locator}</arg>
</arguments>
<assign>
<var>${art_title}</var>
</assign>
<msg timestamp="20210603 10:40:39.869" level="INFO">${art_title} = Panas! Ini 5 Posisi Seks dalam Adegan Film yang Bisa Jadi Referensi</msg>
<status status="PASS" starttime="20210603 10:40:39.839" endtime="20210603 10:40:39.869"></status>
</kw>
<kw name="Remove String" library="String">
<doc>Removes all ``removables`` from the given ``string``.</doc>
<arguments>
<arg>${art_title}</arg>
<arg>'</arg>
</arguments>
<assign>
<var>${art_title}</var>
</assign>
<msg timestamp="20210603 10:40:39.870" level="INFO">${art_title} = Panas! Ini 5 Posisi Seks dalam Adegan Film yang Bisa Jadi Referensi</msg>
<status status="PASS" starttime="20210603 10:40:39.870" endtime="20210603 10:40:39.870"></status>
</kw>
<kw name="Remove String" library="String">
<doc>Removes all ``removables`` from the given ``string``.</doc>
<arguments>
<arg>${art_title}</arg>
<arg>"</arg>
</arguments>
<assign>
<var>${art_title}</var>
</assign>
<msg timestamp="20210603 10:40:39.871" level="INFO">${art_title} = Panas! Ini 5 Posisi Seks dalam Adegan Film yang Bisa Jadi Referensi</msg>
<status status="PASS" starttime="20210603 10:40:39.871" endtime="20210603 10:40:39.871"></status>
</kw>
<kw name="Remove String" library="String">
<doc>Removes all ``removables`` from the given ``string``.</doc>
<arguments>
<arg>${last_title}</arg>
<arg>'</arg>
</arguments>
<assign>
<var>${last_title}</var>
</assign>
<msg timestamp="20210603 10:40:39.872" level="INFO">${last_title} = Ada Saatnya Melawan! Ini 5 Cara Hadapi Silent Treatment dari Pasangan</msg>
<status status="PASS" starttime="20210603 10:40:39.872" endtime="20210603 10:40:39.872"></status>
</kw>
<kw name="Remove String" library="String">
<doc>Removes all ``removables`` from the given ``string``.</doc>
<arguments>
<arg>${last_title}</arg>
<arg>"</arg>
</arguments>
<assign>
<var>${last_title}</var>
</assign>
<msg timestamp="20210603 10:40:39.873" level="INFO">${last_title} = Ada Saatnya Melawan! Ini 5 Cara Hadapi Silent Treatment dari Pasangan</msg>
<status status="PASS" starttime="20210603 10:40:39.873" endtime="20210603 10:40:39.873"></status>
</kw>
<kw name="Exit For Loop If" library="BuiltIn">
<doc>Stops executing the enclosing for loop if the ``condition`` is true.</doc>
<arguments>
<arg>"${last_title}" == "${art_title}"</arg>
</arguments>
<status status="PASS" starttime="20210603 10:40:39.874" endtime="20210603 10:40:39.874"></status>
</kw>
<kw name="Evaluate" library="BuiltIn">
<doc>Evaluates the given expression in Python and returns the result.</doc>
<arguments>
<arg>${j}+${0}</arg>
</arguments>
<assign>
<var>${last_artIndex}</var>
</assign>
<msg timestamp="20210603 10:40:39.876" level="INFO">${last_artIndex} = 3</msg>
<status status="PASS" starttime="20210603 10:40:39.875" endtime="20210603 10:40:39.876"></status>
</kw>
<kw name="Log" library="BuiltIn">
<doc>Logs the given message with the given level.</doc>
<arguments>
<arg>${last_artIndex}</arg>
</arguments>
<msg timestamp="20210603 10:40:39.877" level="INFO">3</msg>
<status status="PASS" starttime="20210603 10:40:39.876" endtime="20210603 10:40:39.877"></status>
</kw>
<status status="PASS" starttime="20210603 10:40:39.520" endtime="20210603 10:40:39.877"></status>
</kw>
<kw name="${j} = 3" type="foritem">
<kw name="Evaluate" library="BuiltIn">
<doc>Evaluates the given expression in Python and returns the result.</doc>
<arguments>
<arg>${j}+${1}</arg>
</arguments>
<assign>
<var>${j}</var>
</assign>
<msg timestamp="20210603 10:40:39.878" level="INFO">${j} = 4</msg>
<status status="PASS" starttime="20210603 10:40:39.877" endtime="20210603 10:40:39.878"></status>
</kw>
<kw name="Set Variable" library="BuiltIn">
<doc>Returns the given values which can then be assigned to a variables.</doc>
<arguments>
<arg>${artitem_title.replace("%", "${j}")}</arg>
</arguments>
<assign>
<var>${locator}</var>
</assign>
<msg timestamp="20210603 10:40:39.880" level="INFO">${locator} = xpath=//div[@class='post-list'][1]//div[@class='row gutter-20 post-list-item'][4]//div[@class='col-xs-7']//div//a//h3</msg>
<status status="PASS" starttime="20210603 10:40:39.878" endtime="20210603 10:40:39.880"></status>
</kw>
<kw name="Scroll Element Into View" library="SeleniumLibrary">
<doc>Scrolls the element identified by ``locator`` into view.</doc>
<arguments>
<arg>${locator}</arg>
</arguments>
<status status="PASS" starttime="20210603 10:40:39.880" endtime="20210603 10:40:40.187"></status>
</kw>
<kw name="Get Text" library="SeleniumLibrary">
<doc>Returns the text value of the element identified by ``locator``.</doc>
<arguments>
<arg>${locator}</arg>
</arguments>
<assign>
<var>${art_title}</var>
</assign>
<msg timestamp="20210603 10:40:40.231" level="INFO">${art_title} = 5 Cara Menghadapi Pasangan yang Gampang Main Tangan</msg>
<status status="PASS" starttime="20210603 10:40:40.187" endtime="20210603 10:40:40.231"></status>
</kw>
<kw name="Remove String" library="String">
<doc>Removes all ``removables`` from the given ``string``.</doc>
<arguments>
<arg>${art_title}</arg>
<arg>'</arg>
</arguments>
<assign>
<var>${art_title}</var>
</assign>
<msg timestamp="20210603 10:40:40.232" level="INFO">${art_title} = 5 Cara Menghadapi Pasangan yang Gampang Main Tangan</msg>
<status status="PASS" starttime="20210603 10:40:40.231" endtime="20210603 10:40:40.232"></status>
</kw>
<kw name="Remove String" library="String">
<doc>Removes all ``removables`` from the given ``string``.</doc>
<arguments>
<arg>${art_title}</arg>
<arg>"</arg>
</arguments>
<assign>
<var>${art_title}</var>
</assign>
<msg timestamp="20210603 10:40:40.232" level="INFO">${art_title} = 5 Cara Menghadapi Pasangan yang Gampang Main Tangan</msg>
<status status="PASS" starttime="20210603 10:40:40.232" endtime="20210603 10:40:40.232"></status>
</kw>
<kw name="Remove String" library="String">
<doc>Removes all ``removables`` from the given ``string``.</doc>
<arguments>
<arg>${last_title}</arg>
<arg>'</arg>
</arguments>
<assign>
<var>${last_title}</var>
</assign>
<msg timestamp="20210603 10:40:40.233" level="INFO">${last_title} = Ada Saatnya Melawan! Ini 5 Cara Hadapi Silent Treatment dari Pasangan</msg>
<status status="PASS" starttime="20210603 10:40:40.232" endtime="20210603 10:40:40.233"></status>
</kw>
<kw name="Remove String" library="String">
<doc>Removes all ``removables`` from the given ``string``.</doc>
<arguments>
<arg>${last_title}</arg>
<arg>"</arg>
</arguments>
<assign>
<var>${last_title}</var>
</assign>
<msg timestamp="20210603 10:40:40.234" level="INFO">${last_title} = Ada Saatnya Melawan! Ini 5 Cara Hadapi Silent Treatment dari Pasangan</msg>
<status status="PASS" starttime="20210603 10:40:40.233" endtime="20210603 10:40:40.234"></status>
</kw>
<kw name="Exit For Loop If" library="BuiltIn">
<doc>Stops executing the enclosing for loop if the ``condition`` is true.</doc>
<arguments>
<arg>"${last_title}" == "${art_title}"</arg>
</arguments>
<status status="PASS" starttime="20210603 10:40:40.234" endtime="20210603 10:40:40.234"></status>
</kw>
<kw name="Evaluate" library="BuiltIn">
<doc>Evaluates the given expression in Python and returns the result.</doc>
<arguments>
<arg>${j}+${0}</arg>
</arguments>
<assign>
<var>${last_artIndex}</var>
</assign>
<msg timestamp="20210603 10:40:40.235" level="INFO">${last_artIndex} = 4</msg>
<status status="PASS" starttime="20210603 10:40:40.235" endtime="20210603 10:40:40.235"></status>
</kw>
<kw name="Log" library="BuiltIn">
<doc>Logs the given message with the given level.</doc>
<arguments>
<arg>${last_artIndex}</arg>
</arguments>
<msg timestamp="20210603 10:40:40.235" level="INFO">4</msg>
<status status="PASS" starttime="20210603 10:40:40.235" endtime="20210603 10:40:40.235"></status>
</kw>
<status status="PASS" starttime="20210603 10:40:39.877" endtime="20210603 10:40:40.235"></status>
</kw>
<kw name="${j} = 4" type="foritem">
<kw name="Evaluate" library="BuiltIn">
<doc>Evaluates the given expression in Python and returns the result.</doc>
<arguments>
<arg>${j}+${1}</arg>
</arguments>
<assign>
<var>${j}</var>
</assign>
<msg timestamp="20210603 10:40:40.236" level="INFO">${j} = 5</msg>
<status status="PASS" starttime="20210603 10:40:40.236" endtime="20210603 10:40:40.236"></status>
</kw>
<kw name="Set Variable" library="BuiltIn">
<doc>Returns the given values which can then be assigned to a variables.</doc>
<arguments>
<arg>${artitem_title.replace("%", "${j}")}</arg>
</arguments>
<assign>
<var>${locator}</var>
</assign>
<msg timestamp="20210603 10:40:40.237" level="INFO">${locator} = xpath=//div[@class='post-list'][1]//div[@class='row gutter-20 post-list-item'][5]//div[@class='col-xs-7']//div//a//h3</msg>
<status status="PASS" starttime="20210603 10:40:40.237" endtime="20210603 10:40:40.237"></status>
</kw>
<kw name="Scroll Element Into View" library="SeleniumLibrary">
<doc>Scrolls the element identified by ``locator`` into view.</doc>
<arguments>
<arg>${locator}</arg>
</arguments>
<status status="PASS" starttime="20210603 10:40:40.237" endtime="20210603 10:40:40.538"></status>
</kw>
<kw name="Get Text" library="SeleniumLibrary">
<doc>Returns the text value of the element identified by ``locator``.</doc>
<arguments>
<arg>${locator}</arg>
</arguments>
<assign>
<var>${art_title}</var>
</assign>
<msg timestamp="20210603 10:40:40.571" level="INFO">${art_title} = 7 Fakta Kehidupan Seks Zodiak Leo di Ranjang</msg>
<status status="PASS" starttime="20210603 10:40:40.538" endtime="20210603 10:40:40.571"></status>
</kw>
<kw name="Remove String" library="String">
<doc>Removes all ``removables`` from the given ``string``.</doc>
<arguments>
<arg>${art_title}</arg>
<arg>'</arg>
</arguments>
<assign>
<var>${art_title}</var>
</assign>
<msg timestamp="20210603 10:40:40.572" level="INFO">${art_title} = 7 Fakta Kehidupan Seks Zodiak Leo di Ranjang</msg>
<status status="PASS" starttime="20210603 10:40:40.571" endtime="20210603 10:40:40.572"></status>
</kw>
<kw name="Remove String" library="String">
<doc>Removes all ``removables`` from the given ``string``.</doc>
<arguments>
<arg>${art_title}</arg>
<arg>"</arg>
</arguments>
<assign>
<var>${art_title}</var>
</assign>
<msg timestamp="20210603 10:40:40.573" level="INFO">${art_title} = 7 Fakta Kehidupan Seks Zodiak Leo di Ranjang</msg>
<status status="PASS" starttime="20210603 10:40:40.572" endtime="20210603 10:40:40.573"></status>
</kw>
<kw name="Remove String" library="String">
<doc>Removes all ``removables`` from the given ``string``.</doc>
<arguments>
<arg>${last_title}</arg>
<arg>'</arg>
</arguments>
<assign>
<var>${last_title}</var>
</assign>
<msg timestamp="20210603 10:40:40.574" level="INFO">${last_title} = Ada Saatnya Melawan! Ini 5 Cara Hadapi Silent Treatment dari Pasangan</msg>
<status status="PASS" starttime="20210603 10:40:40.573" endtime="20210603 10:40:40.574"></status>
</kw>
<kw name="Remove String" library="String">
<doc>Removes all ``removables`` from the given ``string``.</doc>
<arguments>
<arg>${last_title}</arg>
<arg>"</arg>
</arguments>
<assign>
<var>${last_title}</var>
</assign>
<msg timestamp="20210603 10:40:40.574" level="INFO">${last_title} = Ada Saatnya Melawan! Ini 5 Cara Hadapi Silent Treatment dari Pasangan</msg>
<status status="PASS" starttime="20210603 10:40:40.574" endtime="20210603 10:40:40.575"></status>
</kw>
<kw name="Exit For Loop If" library="BuiltIn">
<doc>Stops executing the enclosing for loop if the ``condition`` is true.</doc>
<arguments>
<arg>"${last_title}" == "${art_title}"</arg>
</arguments>
<status status="PASS" starttime="20210603 10:40:40.575" endtime="20210603 10:40:40.575"></status>
</kw>
<kw name="Evaluate" library="BuiltIn">
<doc>Evaluates the given expression in Python and returns the result.</doc>
<arguments>
<arg>${j}+${0}</arg>
</arguments>
<assign>
<var>${last_artIndex}</var>
</assign>
<msg timestamp="20210603 10:40:40.577" level="INFO">${last_artIndex} = 5</msg>
<status status="PASS" starttime="20210603 10:40:40.576" endtime="20210603 10:40:40.577"></status>
</kw>
<kw name="Log" library="BuiltIn">
<doc>Logs the given message with the given level.</doc>
<arguments>
<arg>${last_artIndex}</arg>
</arguments>
<msg timestamp="20210603 10:40:40.578" level="INFO">5</msg>
<status status="PASS" starttime="20210603 10:40:40.577" endtime="20210603 10:40:40.578"></status>
</kw>
<status status="PASS" starttime="20210603 10:40:40.236" endtime="20210603 10:40:40.578"></status>
</kw>
<kw name="${j} = 5" type="foritem">
<kw name="Evaluate" library="BuiltIn">
<doc>Evaluates the given expression in Python and returns the result.</doc>
<arguments>
<arg>${j}+${1}</arg>
</arguments>
<assign>
<var>${j}</var>
</assign>
<msg timestamp="20210603 10:40:40.579" level="INFO">${j} = 6</msg>
<status status="PASS" starttime="20210603 10:40:40.578" endtime="20210603 10:40:40.579"></status>
</kw>
<kw name="Set Variable" library="BuiltIn">
<doc>Returns the given values which can then be assigned to a variables.</doc>
<arguments>
<arg>${artitem_title.replace("%", "${j}")}</arg>
</arguments>
<assign>
<var>${locator}</var>
</assign>
<msg timestamp="20210603 10:40:40.580" level="INFO">${locator} = xpath=//div[@class='post-list'][1]//div[@class='row gutter-20 post-list-item'][6]//div[@class='col-xs-7']//div//a//h3</msg>
<status status="PASS" starttime="20210603 10:40:40.579" endtime="20210603 10:40:40.580"></status>
</kw>
<kw name="Scroll Element Into View" library="SeleniumLibrary">
<doc>Scrolls the element identified by ``locator`` into view.</doc>
<arguments>
<arg>${locator}</arg>
</arguments>
<status status="PASS" starttime="20210603 10:40:40.580" endtime="20210603 10:40:40.881"></status>
</kw>
<kw name="Get Text" library="SeleniumLibrary">
<doc>Returns the text value of the element identified by ``locator``.</doc>
<arguments>
<arg>${locator}</arg>
</arguments>
<assign>
<var>${art_title}</var>
</assign>
<msg timestamp="20210603 10:40:40.916" level="INFO">${art_title} = Tingkat Kecocokan Zodiak Gemini dan Leo dalam Percintaan</msg>
<status status="PASS" starttime="20210603 10:40:40.881" endtime="20210603 10:40:40.916"></status>
</kw>
<kw name="Remove String" library="String">
<doc>Removes all ``removables`` from the given ``string``.</doc>
<arguments>
<arg>${art_title}</arg>
<arg>'</arg>
</arguments>
<assign>
<var>${art_title}</var>
</assign>
<msg timestamp="20210603 10:40:40.916" level="INFO">${art_title} = Tingkat Kecocokan Zodiak Gemini dan Leo dalam Percintaan</msg>
<status status="PASS" starttime="20210603 10:40:40.916" endtime="20210603 10:40:40.916"></status>
</kw>
<kw name="Remove String" library="String">
<doc>Removes all ``removables`` from the given ``string``.</doc>
<arguments>
<arg>${art_title}</arg>
<arg>"</arg>
</arguments>
<assign>
<var>${art_title}</var>
</assign>
<msg timestamp="20210603 10:40:40.917" level="INFO">${art_title} = Tingkat Kecocokan Zodiak Gemini dan Leo dalam Percintaan</msg>
<status status="PASS" starttime="20210603 10:40:40.916" endtime="20210603 10:40:40.917"></status>
</kw>
<kw name="Remove String" library="String">
<doc>Removes all ``removables`` from the given ``string``.</doc>
<arguments>
<arg>${last_title}</arg>
<arg>'</arg>
</arguments>
<assign>
<var>${last_title}</var>
</assign>
<msg timestamp="20210603 10:40:40.917" level="INFO">${last_title} = Ada Saatnya Melawan! Ini 5 Cara Hadapi Silent Treatment dari Pasangan</msg>
<status status="PASS" starttime="20210603 10:40:40.917" endtime="20210603 10:40:40.917"></status>
</kw>
<kw name="Remove String" library="String">
<doc>Removes all ``removables`` from the given ``string``.</doc>
<arguments>
<arg>${last_title}</arg>
<arg>"</arg>
</arguments>
<assign>
<var>${last_title}</var>
</assign>
<msg timestamp="20210603 10:40:40.918" level="INFO">${last_title} = Ada Saatnya Melawan! Ini 5 Cara Hadapi Silent Treatment dari Pasangan</msg>
<status status="PASS" starttime="20210603 10:40:40.917" endtime="20210603 10:40:40.918"></status>
</kw>
<kw name="Exit For Loop If" library="BuiltIn">
<doc>Stops executing the enclosing for loop if the ``condition`` is true.</doc>
<arguments>
<arg>"${last_title}" == "${art_title}"</arg>
</arguments>
<status status="PASS" starttime="20210603 10:40:40.918" endtime="20210603 10:40:40.918"></status>
</kw>
<kw name="Evaluate" library="BuiltIn">
<doc>Evaluates the given expression in Python and returns the result.</doc>
<arguments>
<arg>${j}+${0}</arg>
</arguments>
<assign>
<var>${last_artIndex}</var>
</assign>
<msg timestamp="20210603 10:40:40.919" level="INFO">${last_artIndex} = 6</msg>
<status status="PASS" starttime="20210603 10:40:40.918" endtime="20210603 10:40:40.919"></status>
</kw>
<kw name="Log" library="BuiltIn">
<doc>Logs the given message with the given level.</doc>
<arguments>
<arg>${last_artIndex}</arg>
</arguments>
<msg timestamp="20210603 10:40:40.919" level="INFO">6</msg>
<status status="PASS" starttime="20210603 10:40:40.919" endtime="20210603 10:40:40.919"></status>
</kw>
<status status="PASS" starttime="20210603 10:40:40.578" endtime="20210603 10:40:40.919"></status>
</kw>
<kw name="${j} = 6" type="foritem">
<kw name="Evaluate" library="BuiltIn">
<doc>Evaluates the given expression in Python and returns the result.</doc>
<arguments>
<arg>${j}+${1}</arg>
</arguments>
<assign>
<var>${j}</var>
</assign>
<msg timestamp="20210603 10:40:40.920" level="INFO">${j} = 7</msg>
<status status="PASS" starttime="20210603 10:40:40.919" endtime="20210603 10:40:40.920"></status>
</kw>
<kw name="Set Variable" library="BuiltIn">
<doc>Returns the given values which can then be assigned to a variables.</doc>
<arguments>
<arg>${artitem_title.replace("%", "${j}")}</arg>
</arguments>
<assign>
<var>${locator}</var>
</assign>
<msg timestamp="20210603 10:40:40.921" level="INFO">${locator} = xpath=//div[@class='post-list'][1]//div[@class='row gutter-20 post-list-item'][7]//div[@class='col-xs-7']//div//a//h3</msg>
<status status="PASS" starttime="20210603 10:40:40.920" endtime="20210603 10:40:40.921"></status>
</kw>
<kw name="Scroll Element Into View" library="SeleniumLibrary">
<doc>Scrolls the element identified by ``locator`` into view.</doc>
<arguments>
<arg>${locator}</arg>
</arguments>
<status status="PASS" starttime="20210603 10:40:40.921" endtime="20210603 10:40:41.224"></status>
</kw>
<kw name="Get Text" library="SeleniumLibrary">
<doc>Returns the text value of the element identified by ``locator``.</doc>
<arguments>
<arg>${locator}</arg>
</arguments>
<assign>
<var>${art_title}</var>
</assign>
<msg timestamp="20210603 10:40:41.247" level="INFO">${art_title} = Ramalan Denny Darko soal Pernikahan Rizky Billar dan Lesti Kejora</msg>
<status status="PASS" starttime="20210603 10:40:41.224" endtime="20210603 10:40:41.247"></status>
</kw>
<kw name="Remove String" library="String">
<doc>Removes all ``removables`` from the given ``string``.</doc>
<arguments>
<arg>${art_title}</arg>
<arg>'</arg>
</arguments>
<assign>
<var>${art_title}</var>
</assign>
<msg timestamp="20210603 10:40:41.248" level="INFO">${art_title} = Ramalan Denny Darko soal Pernikahan Rizky Billar dan Lesti Kejora</msg>
<status status="PASS" starttime="20210603 10:40:41.248" endtime="20210603 10:40:41.248"></status>
</kw>
<kw name="Remove String" library="String">
<doc>Removes all ``removables`` from the given ``string``.</doc>
<arguments>
<arg>${art_title}</arg>
<arg>"</arg>
</arguments>
<assign>
<var>${art_title}</var>
</assign>
<msg timestamp="20210603 10:40:41.249" level="INFO">${art_title} = Ramalan Denny Darko soal Pernikahan Rizky Billar dan Lesti Kejora</msg>
<status status="PASS" starttime="20210603 10:40:41.248" endtime="20210603 10:40:41.249"></status>
</kw>
<kw name="Remove String" library="String">
<doc>Removes all ``removables`` from the given ``string``.</doc>
<arguments>
<arg>${last_title}</arg>
<arg>'</arg>
</arguments>
<assign>
<var>${last_title}</var>
</assign>
<msg timestamp="20210603 10:40:41.249" level="INFO">${last_title} = Ada Saatnya Melawan! Ini 5 Cara Hadapi Silent Treatment dari Pasangan</msg>
<status status="PASS" starttime="20210603 10:40:41.249" endtime="20210603 10:40:41.249"></status>
</kw>
<kw name="Remove String" library="String">
<doc>Removes all ``removables`` from the given ``string``.</doc>
<arguments>
<arg>${last_title}</arg>
<arg>"</arg>
</arguments>
<assign>
<var>${last_title}</var>
</assign>
<msg timestamp="20210603 10:40:41.250" level="INFO">${last_title} = Ada Saatnya Melawan! Ini 5 Cara Hadapi Silent Treatment dari Pasangan</msg>
<status status="PASS" starttime="20210603 10:40:41.249" endtime="20210603 10:40:41.250"></status>
</kw>
<kw name="Exit For Loop If" library="BuiltIn">
<doc>Stops executing the enclosing for loop if the ``condition`` is true.</doc>
<arguments>
<arg>"${last_title}" == "${art_title}"</arg>
</arguments>
<status status="PASS" starttime="20210603 10:40:41.250" endtime="20210603 10:40:41.250"></status>
</kw>
<kw name="Evaluate" library="BuiltIn">
<doc>Evaluates the given expression in Python and returns the result.</doc>
<arguments>
<arg>${j}+${0}</arg>
</arguments>
<assign>
<var>${last_artIndex}</var>
</assign>
<msg timestamp="20210603 10:40:41.251" level="INFO">${last_artIndex} = 7</msg>
<status status="PASS" starttime="20210603 10:40:41.250" endtime="20210603 10:40:41.251"></status>
</kw>
<kw name="Log" library="BuiltIn">
<doc>Logs the given message with the given level.</doc>
<arguments>
<arg>${last_artIndex}</arg>
</arguments>
<msg timestamp="20210603 10:40:41.251" level="INFO">7</msg>
<status status="PASS" starttime="20210603 10:40:41.251" endtime="20210603 10:40:41.251"></status>
</kw>
<status status="PASS" starttime="20210603 10:40:40.919" endtime="20210603 10:40:41.251"></status>
</kw>
<kw name="${j} = 7" type="foritem">
<kw name="Evaluate" library="BuiltIn">
<doc>Evaluates the given expression in Python and returns the result.</doc>
<arguments>
<arg>${j}+${1}</arg>
</arguments>
<assign>
<var>${j}</var>
</assign>
<msg timestamp="20210603 10:40:41.253" level="INFO">${j} = 8</msg>
<status status="PASS" starttime="20210603 10:40:41.252" endtime="20210603 10:40:41.253"></status>
</kw>
<kw name="Set Variable" library="BuiltIn">
<doc>Returns the given values which can then be assigned to a variables.</doc>
<arguments>
<arg>${artitem_title.replace("%", "${j}")}</arg>
</arguments>
<assign>
<var>${locator}</var>
</assign>
<msg timestamp="20210603 10:40:41.254" level="INFO">${locator} = xpath=//div[@class='post-list'][1]//div[@class='row gutter-20 post-list-item'][8]//div[@class='col-xs-7']//div//a//h3</msg>
<status status="PASS" starttime="20210603 10:40:41.253" endtime="20210603 10:40:41.254"></status>
</kw>
<kw name="Scroll Element Into View" library="SeleniumLibrary">
<doc>Scrolls the element identified by ``locator`` into view.</doc>
<arguments>
<arg>${locator}</arg>
</arguments>
<status status="PASS" starttime="20210603 10:40:41.255" endtime="20210603 10:40:41.563"></status>
</kw>
<kw name="Get Text" library="SeleniumLibrary">
<doc>Returns the text value of the element identified by ``locator``.</doc>
<arguments>
<arg>${locator}</arg>
</arguments>
<assign>
<var>${art_title}</var>
</assign>
<msg timestamp="20210603 10:40:41.585" level="INFO">${art_title} = Tak Hanya Penyayang, Ini 10 Karakter Laki-Laki Zodiak Pisces</msg>
<status status="PASS" starttime="20210603 10:40:41.564" endtime="20210603 10:40:41.585"></status>
</kw>
<kw name="Remove String" library="String">
<doc>Removes all ``removables`` from the given ``string``.</doc>
<arguments>
<arg>${art_title}</arg>
<arg>'</arg>
</arguments>
<assign>
<var>${art_title}</var>
</assign>
<msg timestamp="20210603 10:40:41.585" level="INFO">${art_title} = Tak Hanya Penyayang, Ini 10 Karakter Laki-Laki Zodiak Pisces</msg>
<status status="PASS" starttime="20210603 10:40:41.585" endtime="20210603 10:40:41.585"></status>
</kw>
<kw name="Remove String" library="String">
<doc>Removes all ``removables`` from the given ``string``.</doc>
<arguments>
<arg>${art_title}</arg>
<arg>"</arg>
</arguments>
<assign>
<var>${art_title}</var>
</assign>
<msg timestamp="20210603 10:40:41.586" level="INFO">${art_title} = Tak Hanya Penyayang, Ini 10 Karakter Laki-Laki Zodiak Pisces</msg>
<status status="PASS" starttime="20210603 10:40:41.585" endtime="20210603 10:40:41.586"></status>
</kw>
<kw name="Remove String" library="String">
<doc>Removes all ``removables`` from the given ``string``.</doc>
<arguments>
<arg>${last_title}</arg>
<arg>'</arg>
</arguments>
<assign>
<var>${last_title}</var>
</assign>
<msg timestamp="20210603 10:40:41.586" level="INFO">${last_title} = Ada Saatnya Melawan! Ini 5 Cara Hadapi Silent Treatment dari Pasangan</msg>
<status status="PASS" starttime="20210603 10:40:41.586" endtime="20210603 10:40:41.586"></status>
</kw>
<kw name="Remove String" library="String">
<doc>Removes all ``removables`` from the given ``string``.</doc>
<arguments>
<arg>${last_title}</arg>
<arg>"</arg>
</arguments>
<assign>
<var>${last_title}</var>
</assign>
<msg timestamp="20210603 10:40:41.587" level="INFO">${last_title} = Ada Saatnya Melawan! Ini 5 Cara Hadapi Silent Treatment dari Pasangan</msg>
<status status="PASS" starttime="20210603 10:40:41.587" endtime="20210603 10:40:41.587"></status>
</kw>
<kw name="Exit For Loop If" library="BuiltIn">
<doc>Stops executing the enclosing for loop if the ``condition`` is true.</doc>
<arguments>
<arg>"${last_title}" == "${art_title}"</arg>
</arguments>
<status status="PASS" starttime="20210603 10:40:41.587" endtime="20210603 10:40:41.588"></status>
</kw>
<kw name="Evaluate" library="BuiltIn">
<doc>Evaluates the given expression in Python and returns the result.</doc>
<arguments>
<arg>${j}+${0}</arg>
</arguments>
<assign>
<var>${last_artIndex}</var>
</assign>
<msg timestamp="20210603 10:40:41.589" level="INFO">${last_artIndex} = 8</msg>
<status status="PASS" starttime="20210603 10:40:41.588" endtime="20210603 10:40:41.589"></status>
</kw>
<kw name="Log" library="BuiltIn">
<doc>Logs the given message with the given level.</doc>
<arguments>
<arg>${last_artIndex}</arg>
</arguments>
<msg timestamp="20210603 10:40:41.589" level="INFO">8</msg>
<status status="PASS" starttime="20210603 10:40:41.589" endtime="20210603 10:40:41.589"></status>
</kw>
<status status="PASS" starttime="20210603 10:40:41.251" endtime="20210603 10:40:41.589"></status>
</kw>
<kw name="${j} = 8" type="foritem">
<kw name="Evaluate" library="BuiltIn">
<doc>Evaluates the given expression in Python and returns the result.</doc>
<arguments>
<arg>${j}+${1}</arg>
</arguments>
<assign>
<var>${j}</var>
</assign>
<msg timestamp="20210603 10:40:41.590" level="INFO">${j} = 9</msg>
<status status="PASS" starttime="20210603 10:40:41.589" endtime="20210603 10:40:41.590"></status>
</kw>
<kw name="Set Variable" library="BuiltIn">
<doc>Returns the given values which can then be assigned to a variables.</doc>
<arguments>
<arg>${artitem_title.replace("%", "${j}")}</arg>
</arguments>
<assign>
<var>${locator}</var>
</assign>
<msg timestamp="20210603 10:40:41.590" level="INFO">${locator} = xpath=//div[@class='post-list'][1]//div[@class='row gutter-20 post-list-item'][9]//div[@class='col-xs-7']//div//a//h3</msg>
<status status="PASS" starttime="20210603 10:40:41.590" endtime="20210603 10:40:41.590"></status>
</kw>
<kw name="Scroll Element Into View" library="SeleniumLibrary">
<doc>Scrolls the element identified by ``locator`` into view.</doc>
<arguments>
<arg>${locator}</arg>
</arguments>
<status status="PASS" starttime="20210603 10:40:41.591" endtime="20210603 10:40:41.879"></status>
</kw>
<kw name="Get Text" library="SeleniumLibrary">
<doc>Returns the text value of the element identified by ``locator``.</doc>
<arguments>
<arg>${locator}</arg>
</arguments>
<assign>
<var>${art_title}</var>
</assign>
<msg timestamp="20210603 10:40:41.904" level="INFO">${art_title} = 5 Cara Memuaskan Pasangan dengan Posisi Seks Doggy yang Lebih Intim</msg>
<status status="PASS" starttime="20210603 10:40:41.879" endtime="20210603 10:40:41.904"></status>
</kw>
<kw name="Remove String" library="String">
<doc>Removes all ``removables`` from the given ``string``.</doc>
<arguments>
<arg>${art_title}</arg>
<arg>'</arg>
</arguments>
<assign>
<var>${art_title}</var>
</assign>
<msg timestamp="20210603 10:40:41.905" level="INFO">${art_title} = 5 Cara Memuaskan Pasangan dengan Posisi Seks Doggy yang Lebih Intim</msg>
<status status="PASS" starttime="20210603 10:40:41.904" endtime="20210603 10:40:41.905"></status>
</kw>
<kw name="Remove String" library="String">
<doc>Removes all ``removables`` from the given ``string``.</doc>
<arguments>
<arg>${art_title}</arg>
<arg>"</arg>
</arguments>
<assign>
<var>${art_title}</var>
</assign>
<msg timestamp="20210603 10:40:41.905" level="INFO">${art_title} = 5 Cara Memuaskan Pasangan dengan Posisi Seks Doggy yang Lebih Intim</msg>
<status status="PASS" starttime="20210603 10:40:41.905" endtime="20210603 10:40:41.905"></status>
</kw>
<kw name="Remove String" library="String">
<doc>Removes all ``removables`` from the given ``string``.</doc>
<arguments>
<arg>${last_title}</arg>
<arg>'</arg>
</arguments>
<assign>
<var>${last_title}</var>
</assign>
<msg timestamp="20210603 10:40:41.906" level="INFO">${last_title} = Ada Saatnya Melawan! Ini 5 Cara Hadapi Silent Treatment dari Pasangan</msg>
<status status="PASS" starttime="20210603 10:40:41.906" endtime="20210603 10:40:41.906"></status>
</kw>
<kw name="Remove String" library="String">
<doc>Removes all ``removables`` from the given ``string``.</doc>
<arguments>
<arg>${last_title}</arg>
<arg>"</arg>
</arguments>
<assign>
<var>${last_title}</var>
</assign>
<msg timestamp="20210603 10:40:41.907" level="INFO">${last_title} = Ada Saatnya Melawan! Ini 5 Cara Hadapi Silent Treatment dari Pasangan</msg>
<status status="PASS" starttime="20210603 10:40:41.906" endtime="20210603 10:40:41.907"></status>
</kw>
<kw name="Exit For Loop If" library="BuiltIn">
<doc>Stops executing the enclosing for loop if the ``condition`` is true.</doc>
<arguments>
<arg>"${last_title}" == "${art_title}"</arg>
</arguments>
<status status="PASS" starttime="20210603 10:40:41.907" endtime="20210603 10:40:41.907"></status>
</kw>
<kw name="Evaluate" library="BuiltIn">
<doc>Evaluates the given expression in Python and returns the result.</doc>
<arguments>
<arg>${j}+${0}</arg>
</arguments>
<assign>
<var>${last_artIndex}</var>
</assign>
<msg timestamp="20210603 10:40:41.908" level="INFO">${last_artIndex} = 9</msg>
<status status="PASS" starttime="20210603 10:40:41.907" endtime="20210603 10:40:41.908"></status>
</kw>
<kw name="Log" library="BuiltIn">
<doc>Logs the given message with the given level.</doc>
<arguments>
<arg>${last_artIndex}</arg>
</arguments>
<msg timestamp="20210603 10:40:41.908" level="INFO">9</msg>
<status status="PASS" starttime="20210603 10:40:41.908" endtime="20210603 10:40:41.908"></status>
</kw>
<status status="PASS" starttime="20210603 10:40:41.589" endtime="20210603 10:40:41.908"></status>
</kw>
<kw name="${j} = 9" type="foritem">
<kw name="Evaluate" library="BuiltIn">
<doc>Evaluates the given expression in Python and returns the result.</doc>
<arguments>
<arg>${j}+${1}</arg>
</arguments>
<assign>
<var>${j}</var>
</assign>
<msg timestamp="20210603 10:40:41.909" level="INFO">${j} = 10</msg>
<status status="PASS" starttime="20210603 10:40:41.908" endtime="20210603 10:40:41.910"></status>
</kw>
<kw name="Set Variable" library="BuiltIn">
<doc>Returns the given values which can then be assigned to a variables.</doc>
<arguments>
<arg>${artitem_title.replace("%", "${j}")}</arg>
</arguments>
<assign>
<var>${locator}</var>
</assign>
<msg timestamp="20210603 10:40:41.911" level="INFO">${locator} = xpath=//div[@class='post-list'][1]//div[@class='row gutter-20 post-list-item'][10]//div[@class='col-xs-7']//div//a//h3</msg>
<status status="PASS" starttime="20210603 10:40:41.910" endtime="20210603 10:40:41.911"></status>
</kw>
<kw name="Scroll Element Into View" library="SeleniumLibrary">
<doc>Scrolls the element identified by ``locator`` into view.</doc>
<arguments>
<arg>${locator}</arg>
</arguments>
<status status="PASS" starttime="20210603 10:40:41.911" endtime="20210603 10:40:42.194"></status>
</kw>
<kw name="Get Text" library="SeleniumLibrary">
<doc>Returns the text value of the element identified by ``locator``.</doc>
<arguments>
<arg>${locator}</arg>
</arguments>
<assign>
<var>${art_title}</var>
</assign>
<msg timestamp="20210603 10:40:42.229" level="INFO">${art_title} = 5 Cara Mendapatkan Kenikmatan Ganda saat Orgasme di Atas Ranjang</msg>
<status status="PASS" starttime="20210603 10:40:42.194" endtime="20210603 10:40:42.229"></status>
</kw>
<kw name="Remove String" library="String">
<doc>Removes all ``removables`` from the given ``string``.</doc>
<arguments>
<arg>${art_title}</arg>
<arg>'</arg>
</arguments>
<assign>
<var>${art_title}</var>
</assign>
<msg timestamp="20210603 10:40:42.230" level="INFO">${art_title} = 5 Cara Mendapatkan Kenikmatan Ganda saat Orgasme di Atas Ranjang</msg>
<status status="PASS" starttime="20210603 10:40:42.229" endtime="20210603 10:40:42.230"></status>
</kw>
<kw name="Remove String" library="String">
<doc>Removes all ``removables`` from the given ``string``.</doc>
<arguments>
<arg>${art_title}</arg>
<arg>"</arg>
</arguments>
<assign>
<var>${art_title}</var>
</assign>
<msg timestamp="20210603 10:40:42.230" level="INFO">${art_title} = 5 Cara Mendapatkan Kenikmatan Ganda saat Orgasme di Atas Ranjang</msg>
<status status="PASS" starttime="20210603 10:40:42.230" endtime="20210603 10:40:42.230"></status>
</kw>
<kw name="Remove String" library="String">
<doc>Removes all ``removables`` from the given ``string``.</doc>
<arguments>
<arg>${last_title}</arg>
<arg>'</arg>
</arguments>
<assign>
<var>${last_title}</var>
</assign>
<msg timestamp="20210603 10:40:42.231" level="INFO">${last_title} = Ada Saatnya Melawan! Ini 5 Cara Hadapi Silent Treatment dari Pasangan</msg>
<status status="PASS" starttime="20210603 10:40:42.231" endtime="20210603 10:40:42.231"></status>
</kw>
<kw name="Remove String" library="String">
<doc>Removes all ``removables`` from the given ``string``.</doc>
<arguments>
<arg>${last_title}</arg>
<arg>"</arg>
</arguments>
<assign>
<var>${last_title}</var>
</assign>
<msg timestamp="20210603 10:40:42.232" level="INFO">${last_title} = Ada Saatnya Melawan! Ini 5 Cara Hadapi Silent Treatment dari Pasangan</msg>
<status status="PASS" starttime="20210603 10:40:42.231" endtime="20210603 10:40:42.232"></status>
</kw>
<kw name="Exit For Loop If" library="BuiltIn">
<doc>Stops executing the enclosing for loop if the ``condition`` is true.</doc>
<arguments>
<arg>"${last_title}" == "${art_title}"</arg>
</arguments>
<status status="PASS" starttime="20210603 10:40:42.233" endtime="20210603 10:40:42.233"></status>
</kw>
<kw name="Evaluate" library="BuiltIn">
<doc>Evaluates the given expression in Python and returns the result.</doc>
<arguments>
<arg>${j}+${0}</arg>
</arguments>
<assign>
<var>${last_artIndex}</var>
</assign>
<msg timestamp="20210603 10:40:42.234" level="INFO">${last_artIndex} = 10</msg>
<status status="PASS" starttime="20210603 10:40:42.234" endtime="20210603 10:40:42.234"></status>
</kw>
<kw name="Log" library="BuiltIn">
<doc>Logs the given message with the given level.</doc>
<arguments>
<arg>${last_artIndex}</arg>
</arguments>
<msg timestamp="20210603 10:40:42.235" level="INFO">10</msg>
<status status="PASS" starttime="20210603 10:40:42.234" endtime="20210603 10:40:42.235"></status>
</kw>
<status status="PASS" starttime="20210603 10:40:41.908" endtime="20210603 10:40:42.235"></status>
</kw>
<status status="PASS" starttime="20210603 10:40:32.982" endtime="20210603 10:40:42.235"></status>
</kw>
<kw name="Set Test Variable" library="BuiltIn">
<doc>Makes a variable available everywhere within the scope of the current test.</doc>
<arguments>
<arg>${last_artIndex}</arg>
</arguments>
<msg timestamp="20210603 10:40:42.236" level="INFO">${last_artIndex} = 10</msg>
<status status="PASS" starttime="20210603 10:40:42.235" endtime="20210603 10:40:42.236"></status>
</kw>
<status status="PASS" starttime="20210603 10:40:32.980" endtime="20210603 10:40:42.236"></status>
</kw>
<kw name="Loop Open and Copy Artikel to Lakibanget CrawlPage" library="GeneralWebCrawlPage">
<arguments>
<arg>${last_title}</arg>
<arg>${art_list_selector}</arg>
<arg>${artitem_title}</arg>
<arg>${Body_Article}</arg>
</arguments>
<kw name="${j} IN RANGE [ ${last_artIndex} ]" type="for">
<kw name="${j} = 0" type="foritem">
<kw name="Evaluate" library="BuiltIn">
<doc>Evaluates the given expression in Python and returns the result.</doc>
<arguments>
<arg>${last_artIndex}-${j}</arg>
</arguments>
<assign>
<var>${j}</var>
</assign>
<msg timestamp="20210603 10:40:42.240" level="INFO">${j} = 10</msg>
<status status="PASS" starttime="20210603 10:40:42.239" endtime="20210603 10:40:42.240"></status>
</kw>
<kw name="Go To Webpage to Crawl" library="GeneralWebCrawlPage">
<arguments>
<arg>${web_link}</arg>
<arg>${welcome_screen_selector}</arg>
</arguments>
<kw name="Set Test Variable" library="BuiltIn">
<doc>Makes a variable available everywhere within the scope of the current test.</doc>
<arguments>
<arg>${web_link}</arg>
</arguments>
<msg timestamp="20210603 10:40:42.242" level="INFO">${web_link} = https://www.popmama.com/life/relationship</msg>
<status status="PASS" starttime="20210603 10:40:42.241" endtime="20210603 10:40:42.242"></status>
</kw>
<kw name="Set Test Variable" library="BuiltIn">
<doc>Makes a variable available everywhere within the scope of the current test.</doc>
<arguments>
<arg>${welcome_screen_selector}</arg>
</arguments>
<msg timestamp="20210603 10:40:42.244" level="INFO">${welcome_screen_selector} = xpath=//h2[@class='sub-cat-title']//span[contains(text(),'Relationship')]</msg>
<status status="PASS" starttime="20210603 10:40:42.243" endtime="20210603 10:40:42.244"></status>
</kw>
<kw name="Go To" library="SeleniumLibrary">
<doc>Navigates the current browser window to the provided ``url``.</doc>
<arguments>
<arg>${web_link}</arg>
</arguments>
<msg timestamp="20210603 10:40:42.245" level="INFO">Opening url 'https://www.popmama.com/life/relationship'</msg>
<status status="PASS" starttime="20210603 10:40:42.244" endtime="20210603 10:40:46.932"></status>
</kw>
<kw name="Wait Until Element Is Visible" library="SeleniumLibrary">
<doc>Waits until the element ``locator`` is visible.</doc>
<arguments>
<arg>${welcome_screen_selector}</arg>
</arguments>
<status status="PASS" starttime="20210603 10:40:46.932" endtime="20210603 10:40:46.957"></status>
</kw>
<kw name="Reload Page" library="SeleniumLibrary">
<doc>Simulates user reloading page.</doc>
<status status="PASS" starttime="20210603 10:40:46.958" endtime="20210603 10:40:47.460"></status>
</kw>
<status status="PASS" starttime="20210603 10:40:42.240" endtime="20210603 10:40:47.460"></status>
</kw>
<kw name="Sleep" library="BuiltIn">
<doc>Pauses the test executed for the given time.</doc>
<arguments>
<arg>5s</arg>
</arguments>
<msg timestamp="20210603 10:40:52.467" level="INFO">Slept 5 seconds</msg>
<status status="PASS" starttime="20210603 10:40:47.461" endtime="20210603 10:40:52.467"></status>
</kw>
<kw name="Wait Until Element Is Visible" library="SeleniumLibrary">
<doc>Waits until the element ``locator`` is visible.</doc>
<arguments>
<arg>${art_list_selector}</arg>
</arguments>
<status status="PASS" starttime="20210603 10:40:52.467" endtime="20210603 10:40:53.636"></status>
</kw>
<kw name="Set Variable" library="BuiltIn">
<doc>Returns the given values which can then be assigned to a variables.</doc>
<arguments>
<arg>${artitem_title.replace("%", "${j}")}</arg>
</arguments>
<assign>
<var>${artitem}</var>
</assign>
<msg timestamp="20210603 10:40:53.636" level="INFO">${artitem} = xpath=//div[@class='post-list'][1]//div[@class='row gutter-20 post-list-item'][10]//div[@class='col-xs-7']//div//a//h3</msg>
<status status="PASS" starttime="20210603 10:40:53.636" endtime="20210603 10:40:53.636"></status>
</kw>
<kw name="Scroll Element Into View X" library="CommonFunctionality">
<arguments>
<arg>${artitem}</arg>
</arguments>
<kw name="Scroll Element Into View" library="SeleniumLibrary">
<doc>Scrolls the element identified by ``locator`` into view.</doc>
<arguments>
<arg>${Element}</arg>
</arguments>
<status status="PASS" starttime="20210603 10:40:53.638" endtime="20210603 10:40:53.993"></status>
</kw>
<kw name="Wait Until Element Is Visible" library="SeleniumLibrary">
<doc>Waits until the element ``locator`` is visible.</doc>
<arguments>
<arg>${Element}</arg>
<arg>timeout=5s</arg>
</arguments>
<status status="PASS" starttime="20210603 10:40:53.994" endtime="20210603 10:40:54.051"></status>
</kw>
<kw name="Set Focus To Element" library="SeleniumLibrary">
<doc>Sets the focus to the element identified by ``locator``.</doc>
<arguments>
<arg>${Element}</arg>
</arguments>
<status status="PASS" starttime="20210603 10:40:54.051" endtime="20210603 10:40:54.073"></status>
</kw>
<kw name="Get Vertical Position" library="SeleniumLibrary">
<doc>Returns the vertical position of the element identified by ``locator``.</doc>
<arguments>
<arg>${Element}</arg>
</arguments>
<assign>
<var>${post}</var>
</assign>
<msg timestamp="20210603 10:40:54.098" level="INFO">${post} = 1969</msg>
<status status="PASS" starttime="20210603 10:40:54.073" endtime="20210603 10:40:54.098"></status>
</kw>
<kw name="Execute Javascript" library="SeleniumLibrary">
<doc>Executes the given JavaScript code with possible arguments.</doc>
<arguments>
<arg>window.scrollTo(${post-200},${post-100})</arg>
</arguments>
<msg timestamp="20210603 10:40:54.099" level="INFO">Executing JavaScript:
window.scrollTo(1769,1869)
Without any arguments.</msg>
<status status="PASS" starttime="20210603 10:40:54.098" endtime="20210603 10:40:54.122"></status>
</kw>
<status status="PASS" starttime="20210603 10:40:53.636" endtime="20210603 10:40:54.123"></status>
</kw>
<kw name="Get Text" library="SeleniumLibrary">
<doc>Returns the text value of the element identified by ``locator``.</doc>
<arguments>
<arg>${artitem}</arg>
</arguments>
<assign>
<var>${art_title}</var>
</assign>
<msg timestamp="20210603 10:40:54.176" level="INFO">${art_title} = 5 Cara Mendapatkan Kenikmatan Ganda saat Orgasme di Atas Ranjang</msg>
<status status="PASS" starttime="20210603 10:40:54.123" endtime="20210603 10:40:54.176"></status>
</kw>
<kw name="Sleep" library="BuiltIn">
<doc>Pauses the test executed for the given time.</doc>
<arguments>
<arg>2s</arg>
</arguments>
<msg timestamp="20210603 10:40:56.182" level="INFO">Slept 2 seconds</msg>
<status status="PASS" starttime="20210603 10:40:54.177" endtime="20210603 10:40:56.182"></status>
</kw>
<kw name="Click Element" library="SeleniumLibrary">
<doc>Click the element identified by ``locator``.</doc>
<arguments>
<arg>${artitem}</arg>
</arguments>
<msg timestamp="20210603 10:40:56.183" level="INFO">Clicking element 'xpath=//div[@class='post-list'][1]//div[@class='row gutter-20 post-list-item'][10]//div[@class='col-xs-7']//div//a//h3'.</msg>
<status status="PASS" starttime="20210603 10:40:56.183" endtime="20210603 10:40:56.358"></status>
</kw>
<kw name="Log To Console" library="BuiltIn">
<doc>Logs the given message to the console.</doc>
<arguments>
<arg>loop halaman j ${j}</arg>
</arguments>
<status status="PASS" starttime="20210603 10:40:56.358" endtime="20210603 10:40:56.361"></status>
</kw>
<kw name="Open and Copy Artikel CrawlPage to Lakibanget" library="GeneralWebCrawlPage">
<arguments>
<arg>${Body_Article}</arg>
</arguments>
<kw name="Sleep" library="BuiltIn">
<doc>Pauses the test executed for the given time.</doc>
<arguments>
<arg>2s</arg>
</arguments>
<msg timestamp="20210603 10:40:58.370" level="INFO">Slept 2 seconds</msg>
<status status="PASS" starttime="20210603 10:40:56.365" endtime="20210603 10:40:58.372"></status>
</kw>
<kw name="Check and Close Udah Dong Button" library="GeneralWebCrawlPage">
<arguments>
<arg>${Body_Article.udah_dong}</arg>
</arguments>
<kw name="Set Test Variable" library="BuiltIn">
<doc>Makes a variable available everywhere within the scope of the current test.</doc>
<arguments>
<arg>${selector}</arg>
</arguments>
<msg timestamp="20210603 10:40:58.376" level="INFO">${selector} = xpath=//button[@class='confirm btn btn-lg btn-length btn-danger']</msg>
<status status="PASS" starttime="20210603 10:40:58.375" endtime="20210603 10:40:58.376"></status>
</kw>
<kw name="Run Keyword And Ignore Error" library="BuiltIn">
<doc>Runs the given keyword with the given arguments and ignores possible error.</doc>
<arguments>
<arg>Wait Until Element Is Visible</arg>
<arg>${selector}</arg>
<arg>timeout=2s</arg>
</arguments>
<assign>
<var>${button_udahdong}</var>
<var>${value}</var>
</assign>
<kw name="Wait Until Element Is Visible" library="SeleniumLibrary">
<doc>Waits until the element ``locator`` is visible.</doc>
<arguments>
<arg>${selector}</arg>
<arg>timeout=2s</arg>
</arguments>
<status status="PASS" starttime="20210603 10:40:58.377" endtime="20210603 10:40:59.134"></status>
</kw>
<msg timestamp="20210603 10:40:59.135" level="INFO">${button_udahdong} = PASS</msg>
<msg timestamp="20210603 10:40:59.135" level="INFO">${value} = None</msg>
<status status="PASS" starttime="20210603 10:40:58.376" endtime="20210603 10:40:59.135"></status>
</kw>
<kw name="Run Keyword If" library="BuiltIn">
<doc>Runs the given keyword with the given arguments, if ``condition`` is true.</doc>
<arguments>
<arg>'${button_udahdong}'=='PASS'</arg>
<arg>GeneralWebCrawlPage.Click Udah Dong</arg>
</arguments>
<kw name="Click Udah Dong" library="GeneralWebCrawlPage">
<kw name="Wait Until Element Is Visible" library="SeleniumLibrary">
<doc>Waits until the element ``locator`` is visible.</doc>
<arguments>
<arg>${selector}</arg>
</arguments>
<status status="PASS" starttime="20210603 10:40:59.138" endtime="20210603 10:41:02.812"></status>
</kw>
<kw name="Click Element" library="SeleniumLibrary">
<doc>Click the element identified by ``locator``.</doc>
<arguments>
<arg>${selector}</arg>
</arguments>
<msg timestamp="20210603 10:41:02.813" level="INFO">Clicking element 'xpath=//button[@class='confirm btn btn-lg btn-length btn-danger']'.</msg>
<status status="PASS" starttime="20210603 10:41:02.813" endtime="20210603 10:41:03.169"></status>
</kw>
<status status="PASS" starttime="20210603 10:40:59.136" endtime="20210603 10:41:03.169"></status>
</kw>
<status status="PASS" starttime="20210603 10:40:59.135" endtime="20210603 10:41:03.169"></status>
</kw>
<status status="PASS" starttime="20210603 10:40:58.373" endtime="20210603 10:41:03.170"></status>
</kw>
<kw name="Check and close Main Banner Popup" library="GeneralWebCrawlPage">
<arguments>
<arg>${Body_Article.mainbanner}</arg>
</arguments>
<kw name="Set Test Variable" library="BuiltIn">
<doc>Makes a variable available everywhere within the scope of the current test.</doc>
<arguments>
<arg>${selector}</arg>
</arguments>
<msg timestamp="20210603 10:41:03.173" level="INFO">${selector} = xpath=//div[@id='mainBannerPopup']//div[@class='modal-content'][1]//button</msg>
<status status="PASS" starttime="20210603 10:41:03.172" endtime="20210603 10:41:03.174"></status>
</kw>
<kw name="Run Keyword And Ignore Error" library="BuiltIn">
<doc>Runs the given keyword with the given arguments and ignores possible error.</doc>
<arguments>
<arg>Wait Until Element Is Visible</arg>
<arg>${selector}</arg>
<arg>timeout=2s</arg>
</arguments>
<assign>
<var>${item}</var>
<var>${value}</var>
</assign>
<kw name="Wait Until Element Is Visible" library="SeleniumLibrary">
<doc>Waits until the element ``locator`` is visible.</doc>
<arguments>
<arg>${selector}</arg>
<arg>timeout=2s</arg>
</arguments>
<kw name="Capture Page Screenshot" library="SeleniumLibrary">
<doc>Takes a screenshot of the current page and embeds it into a log file.</doc>
<msg timestamp="20210603 10:41:06.149" level="INFO" html="yes">&lt;/td&gt;&lt;/tr&gt;&lt;tr&gt;&lt;td colspan="3"&gt;&lt;a href="selenium-screenshot-2978.png"&gt;&lt;img src="selenium-screenshot-2978.png" width="800px"&gt;&lt;/a&gt;</msg>
<status status="PASS" starttime="20210603 10:41:05.302" endtime="20210603 10:41:06.149"></status>
</kw>
<msg timestamp="20210603 10:41:06.434" level="FAIL">Element 'xpath=//div[@id='mainBannerPopup']//div[@class='modal-content'][1]//button' not visible after 2 seconds.</msg>
<status status="FAIL" starttime="20210603 10:41:03.174" endtime="20210603 10:41:06.434"></status>
</kw>
<msg timestamp="20210603 10:41:06.434" level="INFO">${item} = FAIL</msg>
<msg timestamp="20210603 10:41:06.434" level="INFO">${value} = Element 'xpath=//div[@id='mainBannerPopup']//div[@class='modal-content'][1]//button' not visible after 2 seconds.</msg>
<status status="PASS" starttime="20210603 10:41:03.174" endtime="20210603 10:41:06.434"></status>
</kw>
<kw name="Run Keyword If" library="BuiltIn">
<doc>Runs the given keyword with the given arguments, if ``condition`` is true.</doc>
<arguments>
<arg>'${item}'=='PASS'</arg>
<arg>GeneralWebCrawlPage.Click Close Main Banner Popup</arg>
</arguments>
<status status="PASS" starttime="20210603 10:41:06.434" endtime="20210603 10:41:06.438"></status>
</kw>
<status status="PASS" starttime="20210603 10:41:03.170" endtime="20210603 10:41:06.439"></status>
</kw>
<kw name="Get Location" library="SeleniumLibrary">
<doc>Returns the current browser window URL.</doc>
<assign>
<var>${source_url}</var>
</assign>
<msg timestamp="20210603 10:41:06.449" level="INFO">${source_url} = https://www.popmama.com/life/relationship/rendy-muthaqin/cara-mendapatkan-kenikmatan-ganda-ketika-orgasme-di-atas-ranjang</msg>
<status status="PASS" starttime="20210603 10:41:06.439" endtime="20210603 10:41:06.449"></status>
</kw>
<kw name="Sleep" library="BuiltIn">
<doc>Pauses the test executed for the given time.</doc>
<arguments>
<arg>2s</arg>
</arguments>
<msg timestamp="20210603 10:41:08.461" level="INFO">Slept 2 seconds</msg>
<status status="PASS" starttime="20210603 10:41:06.449" endtime="20210603 10:41:08.461"></status>
</kw>
<kw name="Check and Click Show All" library="GeneralWebCrawlPage">
<arguments>
<arg>${Body_Article.show_all}</arg>
</arguments>
<kw name="Set Test Variable" library="BuiltIn">
<doc>Makes a variable available everywhere within the scope of the current test.</doc>
<arguments>
<arg>${selector}</arg>
</arguments>
<msg timestamp="20210603 10:41:08.463" level="INFO">${selector} = -</msg>
<status status="PASS" starttime="20210603 10:41:08.463" endtime="20210603 10:41:08.463"></status>
</kw>
<kw name="Run Keyword And Ignore Error" library="BuiltIn">
<doc>Runs the given keyword with the given arguments and ignores possible error.</doc>
<arguments>
<arg>Wait Until Page Contains Element</arg>
<arg>${selector}</arg>
<arg>timeout=2s</arg>
</arguments>
<assign>
<var>${button_showall}</var>
<var>${value}</var>
</assign>
<kw name="Wait Until Page Contains Element" library="SeleniumLibrary">
<doc>Waits until the element ``locator`` appears on the current page.</doc>
<arguments>
<arg>${selector}</arg>
<arg>timeout=2s</arg>
</arguments>
<kw name="Capture Page Screenshot" library="SeleniumLibrary">
<doc>Takes a screenshot of the current page and embeds it into a log file.</doc>
<msg timestamp="20210603 10:41:11.197" level="INFO" html="yes">&lt;/td&gt;&lt;/tr&gt;&lt;tr&gt;&lt;td colspan="3"&gt;&lt;a href="selenium-screenshot-2979.png"&gt;&lt;img src="selenium-screenshot-2979.png" width="800px"&gt;&lt;/a&gt;</msg>
<status status="PASS" starttime="20210603 10:41:10.576" endtime="20210603 10:41:11.197"></status>
</kw>
<msg timestamp="20210603 10:41:11.198" level="FAIL">Element '-' did not appear in 2 seconds.</msg>
<status status="FAIL" starttime="20210603 10:41:08.463" endtime="20210603 10:41:11.199"></status>
</kw>
<msg timestamp="20210603 10:41:11.199" level="INFO">${button_showall} = FAIL</msg>
<msg timestamp="20210603 10:41:11.199" level="INFO">${value} = Element '-' did not appear in 2 seconds.</msg>
<status status="PASS" starttime="20210603 10:41:08.463" endtime="20210603 10:41:11.199"></status>
</kw>
<kw name="Run Keyword If" library="BuiltIn">
<doc>Runs the given keyword with the given arguments, if ``condition`` is true.</doc>
<arguments>
<arg>'${button_showall}'=='PASS'</arg>
<arg>GeneralWebCrawlPage.Click Show All</arg>
</arguments>
<status status="PASS" starttime="20210603 10:41:11.201" endtime="20210603 10:41:11.201"></status>
</kw>
<status status="PASS" starttime="20210603 10:41:08.462" endtime="20210603 10:41:11.202"></status>
</kw>
<kw name="Scroll Element Into View X" library="CommonFunctionality">
<arguments>
<arg>${Body_Article.body_content}</arg>
</arguments>
<kw name="Scroll Element Into View" library="SeleniumLibrary">
<doc>Scrolls the element identified by ``locator`` into view.</doc>
<arguments>
<arg>${Element}</arg>
</arguments>
<status status="PASS" starttime="20210603 10:41:11.204" endtime="20210603 10:41:11.518"></status>
</kw>
<kw name="Wait Until Element Is Visible" library="SeleniumLibrary">
<doc>Waits until the element ``locator`` is visible.</doc>
<arguments>
<arg>${Element}</arg>
<arg>timeout=5s</arg>
</arguments>
<status status="PASS" starttime="20210603 10:41:11.519" endtime="20210603 10:41:11.563"></status>
</kw>
<kw name="Set Focus To Element" library="SeleniumLibrary">
<doc>Sets the focus to the element identified by ``locator``.</doc>
<arguments>
<arg>${Element}</arg>
</arguments>
<status status="PASS" starttime="20210603 10:41:11.563" endtime="20210603 10:41:11.626"></status>
</kw>
<kw name="Get Vertical Position" library="SeleniumLibrary">
<doc>Returns the vertical position of the element identified by ``locator``.</doc>
<arguments>
<arg>${Element}</arg>
</arguments>
<assign>
<var>${post}</var>
</assign>
<msg timestamp="20210603 10:41:11.650" level="INFO">${post} = 1038</msg>
<status status="PASS" starttime="20210603 10:41:11.626" endtime="20210603 10:41:11.650"></status>
</kw>
<kw name="Execute Javascript" library="SeleniumLibrary">
<doc>Executes the given JavaScript code with possible arguments.</doc>
<arguments>
<arg>window.scrollTo(${post-200},${post-100})</arg>
</arguments>
<msg timestamp="20210603 10:41:11.652" level="INFO">Executing JavaScript:
window.scrollTo(838,938)
Without any arguments.</msg>
<status status="PASS" starttime="20210603 10:41:11.651" endtime="20210603 10:41:11.660"></status>
</kw>
<status status="PASS" starttime="20210603 10:41:11.202" endtime="20210603 10:41:11.661"></status>
</kw>
<kw name="Scroll Element Vertical Into View" library="CommonFunctionality">
<doc>Fungsi ini digunakan untuk scroll halaman web vertikal berdasarkan point atau titik
loading akan berhenti ketika end element telah di temukan atau end_point telah habis</doc>
<arguments>
<arg>${Body_Article.end_body}</arg>
</arguments>
<kw name="Set Variable" library="BuiltIn">
<doc>Returns the given values which can then be assigned to a variables.</doc>
<arguments>
<arg>${20}</arg>
</arguments>
<assign>
<var>${end_point}</var>
</assign>
<msg timestamp="20210603 10:41:11.662" level="INFO">${end_point} = 20</msg>
<status status="PASS" starttime="20210603 10:41:11.662" endtime="20210603 10:41:11.662"></status>
</kw>
<kw name="${i} IN RANGE [ ${end_point} ]" type="for">
<kw name="${i} = 0" type="foritem">
<kw name="Evaluate" library="BuiltIn">
<doc>Evaluates the given expression in Python and returns the result.</doc>
<arguments>
<arg>${i}*${300}</arg>
</arguments>
<assign>
<var>${start}</var>
</assign>
<msg timestamp="20210603 10:41:11.667" level="INFO">${start} = 0</msg>
<status status="PASS" starttime="20210603 10:41:11.662" endtime="20210603 10:41:11.667"></status>
</kw>
<kw name="Evaluate" library="BuiltIn">
<doc>Evaluates the given expression in Python and returns the result.</doc>
<arguments>
<arg>${i}*${300}+${300}</arg>
</arguments>
<assign>
<var>${end}</var>
</assign>
<msg timestamp="20210603 10:41:11.669" level="INFO">${end} = 300</msg>
<status status="PASS" starttime="20210603 10:41:11.668" endtime="20210603 10:41:11.669"></status>
</kw>
<kw name="Execute Javascript" library="SeleniumLibrary">
<doc>Executes the given JavaScript code with possible arguments.</doc>
<arguments>
<arg>window.scrollTo(${start},${end})</arg>
</arguments>
<msg timestamp="20210603 10:41:11.671" level="INFO">Executing JavaScript:
window.scrollTo(0,300)
Without any arguments.</msg>
<status status="PASS" starttime="20210603 10:41:11.669" endtime="20210603 10:41:11.739"></status>
</kw>
<kw name="Run Keyword And Ignore Error" library="BuiltIn">
<doc>Runs the given keyword with the given arguments and ignores possible error.</doc>
<arguments>
<arg>Element Should Be Focused</arg>
<arg>${end_element}</arg>
</arguments>
<assign>
<var>${element_found}</var>
<var>${value}</var>
</assign>
<kw name="Element Should Be Focused" library="SeleniumLibrary">
<doc>Verifies that element identified by ``locator`` is focused.</doc>
<arguments>
<arg>${end_element}</arg>
</arguments>
<kw name="Capture Page Screenshot" library="SeleniumLibrary">
<doc>Takes a screenshot of the current page and embeds it into a log file.</doc>
<msg timestamp="20210603 10:41:12.566" level="INFO" html="yes">&lt;/td&gt;&lt;/tr&gt;&lt;tr&gt;&lt;td colspan="3"&gt;&lt;a href="selenium-screenshot-2980.png"&gt;&lt;img src="selenium-screenshot-2980.png" width="800px"&gt;&lt;/a&gt;</msg>
<status status="PASS" starttime="20210603 10:41:11.756" endtime="20210603 10:41:12.566"></status>
</kw>
<msg timestamp="20210603 10:41:12.642" level="FAIL">Element with locator 'xpath=//div[@class='_491z clearfix']' not found.</msg>
<status status="FAIL" starttime="20210603 10:41:11.740" endtime="20210603 10:41:12.642"></status>
</kw>
<msg timestamp="20210603 10:41:12.642" level="INFO">${element_found} = FAIL</msg>
<msg timestamp="20210603 10:41:12.642" level="INFO">${value} = Element with locator 'xpath=//div[@class='_491z clearfix']' not found.</msg>
<status status="PASS" starttime="20210603 10:41:11.740" endtime="20210603 10:41:12.642"></status>
</kw>
<kw name="Exit For Loop If" library="BuiltIn">
<doc>Stops executing the enclosing for loop if the ``condition`` is true.</doc>
<arguments>
<arg>'${element_found}'=='PASS'</arg>
</arguments>
<status status="PASS" starttime="20210603 10:41:12.642" endtime="20210603 10:41:12.643"></status>
</kw>
<status status="PASS" starttime="20210603 10:41:11.662" endtime="20210603 10:41:12.643"></status>
</kw>
<kw name="${i} = 1" type="foritem">
<kw name="Evaluate" library="BuiltIn">
<doc>Evaluates the given expression in Python and returns the result.</doc>
<arguments>
<arg>${i}*${300}</arg>
</arguments>
<assign>
<var>${start}</var>
</assign>
<msg timestamp="20210603 10:41:12.644" level="INFO">${start} = 300</msg>
<status status="PASS" starttime="20210603 10:41:12.644" endtime="20210603 10:41:12.644"></status>
</kw>
<kw name="Evaluate" library="BuiltIn">
<doc>Evaluates the given expression in Python and returns the result.</doc>
<arguments>
<arg>${i}*${300}+${300}</arg>
</arguments>
<assign>
<var>${end}</var>
</assign>
<msg timestamp="20210603 10:41:12.644" level="INFO">${end} = 600</msg>
<status status="PASS" starttime="20210603 10:41:12.644" endtime="20210603 10:41:12.644"></status>
</kw>
<kw name="Execute Javascript" library="SeleniumLibrary">
<doc>Executes the given JavaScript code with possible arguments.</doc>
<arguments>
<arg>window.scrollTo(${start},${end})</arg>
</arguments>
<msg timestamp="20210603 10:41:12.659" level="INFO">Executing JavaScript:
window.scrollTo(300,600)
Without any arguments.</msg>
<status status="PASS" starttime="20210603 10:41:12.644" endtime="20210603 10:41:12.682"></status>
</kw>
<kw name="Run Keyword And Ignore Error" library="BuiltIn">
<doc>Runs the given keyword with the given arguments and ignores possible error.</doc>
<arguments>
<arg>Element Should Be Focused</arg>
<arg>${end_element}</arg>
</arguments>
<assign>
<var>${element_found}</var>
<var>${value}</var>
</assign>
<kw name="Element Should Be Focused" library="SeleniumLibrary">
<doc>Verifies that element identified by ``locator`` is focused.</doc>
<arguments>
<arg>${end_element}</arg>
</arguments>
<kw name="Capture Page Screenshot" library="SeleniumLibrary">
<doc>Takes a screenshot of the current page and embeds it into a log file.</doc>
<msg timestamp="20210603 10:41:13.462" level="INFO" html="yes">&lt;/td&gt;&lt;/tr&gt;&lt;tr&gt;&lt;td colspan="3"&gt;&lt;a href="selenium-screenshot-2981.png"&gt;&lt;img src="selenium-screenshot-2981.png" width="800px"&gt;&lt;/a&gt;</msg>
<status status="PASS" starttime="20210603 10:41:12.699" endtime="20210603 10:41:13.462"></status>
</kw>
<msg timestamp="20210603 10:41:13.462" level="FAIL">Element with locator 'xpath=//div[@class='_491z clearfix']' not found.</msg>
<status status="FAIL" starttime="20210603 10:41:12.684" endtime="20210603 10:41:13.462"></status>
</kw>
<msg timestamp="20210603 10:41:13.462" level="INFO">${element_found} = FAIL</msg>
<msg timestamp="20210603 10:41:13.467" level="INFO">${value} = Element with locator 'xpath=//div[@class='_491z clearfix']' not found.</msg>
<status status="PASS" starttime="20210603 10:41:12.683" endtime="20210603 10:41:13.467"></status>
</kw>
<kw name="Exit For Loop If" library="BuiltIn">
<doc>Stops executing the enclosing for loop if the ``condition`` is true.</doc>
<arguments>
<arg>'${element_found}'=='PASS'</arg>
</arguments>
<status status="PASS" starttime="20210603 10:41:13.467" endtime="20210603 10:41:13.468"></status>
</kw>
[...]
<msg timestamp="20210603 13:51:55.357" level="INFO" html="yes">&lt;/td&gt;&lt;/tr&gt;&lt;tr&gt;&lt;td colspan="3"&gt;&lt;a href="selenium-screenshot-3152.png"&gt;&lt;img src="selenium-screenshot-3152.png" width="800px"&gt;&lt;/a&gt;</msg>
<status status="PASS" starttime="20210603 13:51:54.413" endtime="20210603 13:51:55.358"></status>
</kw>
<msg timestamp="20210603 13:51:55.359" level="FAIL">Element with locator 'xpath=//div[@class='_491z clearfix']' not found.</msg>
<status status="FAIL" starttime="20210603 13:51:54.286" endtime="20210603 13:51:55.359"></status>
</kw>
<msg timestamp="20210603 13:51:55.359" level="INFO">${element_found} = FAIL</msg>
<msg timestamp="20210603 13:51:55.359" level="INFO">${value} = Element with locator 'xpath=//div[@class='_491z clearfix']' not found.</msg>
<status status="PASS" starttime="20210603 13:51:54.286" endtime="20210603 13:51:55.359"></status>
</kw>
<kw name="Exit For Loop If" library="BuiltIn">
<doc>Stops executing the enclosing for loop if the ``condition`` is true.</doc>
<arguments>
<arg>'${element_found}'=='PASS'</arg>
</arguments>
<status status="PASS" starttime="20210603 13:51:55.360" endtime="20210603 13:51:55.360"></status>
</kw>
<status status="PASS" starttime="20210603 13:51:54.031" endtime="20210603 13:51:55.361"></status>
</kw>
<kw name="${i} = 16" type="foritem">
<kw name="Evaluate" library="BuiltIn">
<doc>Evaluates the given expression in Python and returns the result.</doc>
<arguments>
<arg>${i}*${300}</arg>
</arguments>
<assign>
<var>${start}</var>
</assign>
<msg timestamp="20210603 13:51:55.362" level="INFO">${start} = 4800</msg>
<status status="PASS" starttime="20210603 13:51:55.361" endtime="20210603 13:51:55.362"></status>
</kw>
<kw name="Evaluate" library="BuiltIn">
<doc>Evaluates the given expression in Python and returns the result.</doc>
<arguments>
<arg>${i}*${300}+${300}</arg>
</arguments>
<assign>
<var>${end}</var>
</assign>
<msg timestamp="20210603 13:51:55.363" level="INFO">${end} = 5100</msg>
<status status="PASS" starttime="20210603 13:51:55.363" endtime="20210603 13:51:55.363"></status>
</kw>
<kw name="Execute Javascript" library="SeleniumLibrary">
<doc>Executes the given JavaScript code with possible arguments.</doc>
<arguments>
<arg>window.scrollTo(${start},${end})</arg>
</arguments>
<msg timestamp="20210603 13:51:55.365" level="INFO">Executing JavaScript:
window.scrollTo(4800,5100)
Without any arguments.</msg>
<status status="PASS" starttime="20210603 13:51:55.364" endtime="20210603 13:51:55.434"></status>
</kw>
<kw name="Run Keyword And Ignore Error" library="BuiltIn">
<doc>Runs the given keyword with the given arguments and ignores possible error.</doc>
<arguments>
<arg>Element Should Be Focused</arg>
<arg>${end_element}</arg>
</arguments>
<assign>
<var>${element_found}</var>
<var>${value}</var>
</assign>
<kw name="Element Should Be Focused" library="SeleniumLibrary">
<doc>Verifies that element identified by ``locator`` is focused.</doc>
<arguments>
<arg>${end_element}</arg>
</arguments>
<kw name="Capture Page Screenshot" library="SeleniumLibrary">
<doc>Takes a screenshot of the current page and embeds it into a log file.</doc>
<msg timestamp="20210603 13:51:56.427" level="INFO" html="yes">&lt;/td&gt;&lt;/tr&gt;&lt;tr&gt;&lt;td colspan="3"&gt;&lt;a href="selenium-screenshot-3153.png"&gt;&lt;img src="selenium-screenshot-3153.png" width="800px"&gt;&lt;/a&gt;</msg>
<status status="PASS" starttime="20210603 13:51:55.586" endtime="20210603 13:51:56.427"></status>
</kw>
<msg timestamp="20210603 13:51:56.428" level="FAIL">Element with locator 'xpath=//div[@class='_491z clearfix']' not found.</msg>
<status status="FAIL" starttime="20210603 13:51:55.435" endtime="20210603 13:51:56.428"></status>
</kw>
<msg timestamp="20210603 13:51:56.428" level="INFO">${element_found} = FAIL</msg>
<msg timestamp="20210603 13:51:56.429" level="INFO">${value} = Element with locator 'xpath=//div[@class='_491z clearfix']' not found.</msg>
<status status="PASS" starttime="20210603 13:51:55.434" endtime="20210603 13:51:56.429"></status>
</kw>
<kw name="Exit For Loop If" library="BuiltIn">
<doc>Stops executing the enclosing for loop if the ``condition`` is true.</doc>
<arguments>
<arg>'${element_found}'=='PASS'</arg>
</arguments>
<status status="PASS" starttime="20210603 13:51:56.429" endtime="20210603 13:51:56.430"></status>
</kw>
<status status="PASS" starttime="20210603 13:51:55.361" endtime="20210603 13:51:56.430"></status>
</kw>
<kw name="${i} = 17" type="foritem">
<kw name="Evaluate" library="BuiltIn">
<doc>Evaluates the given expression in Python and returns the result.</doc>
<arguments>
<arg>${i}*${300}</arg>
</arguments>
<assign>
<var>${start}</var>
</assign>
<msg timestamp="20210603 13:51:56.431" level="INFO">${start} = 5100</msg>
<status status="PASS" starttime="20210603 13:51:56.430" endtime="20210603 13:51:56.431"></status>
</kw>
<kw name="Evaluate" library="BuiltIn">
<doc>Evaluates the given expression in Python and returns the result.</doc>
<arguments>
<arg>${i}*${300}+${300}</arg>
</arguments>
<assign>
<var>${end}</var>
</assign>
<msg timestamp="20210603 13:51:56.432" level="INFO">${end} = 5400</msg>
<status status="PASS" starttime="20210603 13:51:56.431" endtime="20210603 13:51:56.432"></status>
</kw>
<kw name="Execute Javascript" library="SeleniumLibrary">
<doc>Executes the given JavaScript code with possible arguments.</doc>
<arguments>
<arg>window.scrollTo(${start},${end})</arg>
</arguments>
<msg timestamp="20210603 13:51:56.433" level="INFO">Executing JavaScript:
window.scrollTo(5100,5400)
Without any arguments.</msg>
<status status="PASS" starttime="20210603 13:51:56.432" endtime="20210603 13:51:56.447"></status>
</kw>
<kw name="Run Keyword And Ignore Error" library="BuiltIn">
<doc>Runs the given keyword with the given arguments and ignores possible error.</doc>
<arguments>
<arg>Element Should Be Focused</arg>
<arg>${end_element}</arg>
</arguments>
<assign>
<var>${element_found}</var>
<var>${value}</var>
</assign>
<kw name="Element Should Be Focused" library="SeleniumLibrary">
<doc>Verifies that element identified by ``locator`` is focused.</doc>
<arguments>
<arg>${end_element}</arg>
</arguments>
<kw name="Capture Page Screenshot" library="SeleniumLibrary">
<doc>Takes a screenshot of the current page and embeds it into a log file.</doc>
<msg timestamp="20210603 13:51:57.850" level="INFO" html="yes">&lt;/td&gt;&lt;/tr&gt;&lt;tr&gt;&lt;td colspan="3"&gt;&lt;a href="selenium-screenshot-3154.png"&gt;&lt;img src="selenium-screenshot-3154.png" width="800px"&gt;&lt;/a&gt;</msg>
<status status="PASS" starttime="20210603 13:51:56.459" endtime="20210603 13:51:57.850"></status>
</kw>
<msg timestamp="20210603 13:51:57.851" level="FAIL">Element with locator 'xpath=//div[@class='_491z clearfix']' not found.</msg>
<status status="FAIL" starttime="20210603 13:51:56.448" endtime="20210603 13:51:57.852"></status>
</kw>
<msg timestamp="20210603 13:51:57.852" level="INFO">${element_found} = FAIL</msg>
<msg timestamp="20210603 13:51:57.852" level="INFO">${value} = Element with locator 'xpath=//div[@class='_491z clearfix']' not found.</msg>
<status status="PASS" starttime="20210603 13:51:56.448" endtime="20210603 13:51:57.852"></status>
</kw>
<kw name="Exit For Loop If" library="BuiltIn">
<doc>Stops executing the enclosing for loop if the ``condition`` is true.</doc>
<arguments>
<arg>'${element_found}'=='PASS'</arg>
</arguments>
<status status="PASS" starttime="20210603 13:51:57.852" endtime="20210603 13:51:57.853"></status>
</kw>
<status status="PASS" starttime="20210603 13:51:56.430" endtime="20210603 13:51:57.853"></status>
</kw>
<kw name="${i} = 18" type="foritem">
<kw name="Evaluate" library="BuiltIn">
<doc>Evaluates the given expression in Python and returns the result.</doc>
<arguments>
<arg>${i}*${300}</arg>
</arguments>
<assign>
<var>${start}</var>
</assign>
<msg timestamp="20210603 13:51:57.855" level="INFO">${start} = 5400</msg>
<status status="PASS" starttime="20210603 13:51:57.854" endtime="20210603 13:51:57.855"></status>
</kw>
<kw name="Evaluate" library="BuiltIn">
<doc>Evaluates the given expression in Python and returns the result.</doc>
<arguments>
<arg>${i}*${300}+${300}</arg>
</arguments>
<assign>
<var>${end}</var>
</assign>
<msg timestamp="20210603 13:51:57.856" level="INFO">${end} = 5700</msg>
<status status="PASS" starttime="20210603 13:51:57.855" endtime="20210603 13:51:57.856"></status>
</kw>
<kw name="Execute Javascript" library="SeleniumLibrary">
<doc>Executes the given JavaScript code with possible arguments.</doc>
<arguments>
<arg>window.scrollTo(${start},${end})</arg>
</arguments>
<msg timestamp="20210603 13:51:57.857" level="INFO">Executing JavaScript:
window.scrollTo(5400,5700)
Without any arguments.</msg>
<status status="PASS" starttime="20210603 13:51:57.856" endtime="20210603 13:51:57.872"></status>
</kw>
<kw name="Run Keyword And Ignore Error" library="BuiltIn">
<doc>Runs the given keyword with the given arguments and ignores possible error.</doc>
<arguments>
<arg>Element Should Be Focused</arg>
<arg>${end_element}</arg>
</arguments>
<assign>
<var>${element_found}</var>
<var>${value}</var>
</assign>
<kw name="Element Should Be Focused" library="SeleniumLibrary">
<doc>Verifies that element identified by ``locator`` is focused.</doc>
<arguments>
<arg>${end_element}</arg>
</arguments>
<kw name="Capture Page Screenshot" library="SeleniumLibrary">
<doc>Takes a screenshot of the current page and embeds it into a log file.</doc>
<msg timestamp="20210603 13:51:58.554" level="INFO" html="yes">&lt;/td&gt;&lt;/tr&gt;&lt;tr&gt;&lt;td colspan="3"&gt;&lt;a href="selenium-screenshot-3155.png"&gt;&lt;img src="selenium-screenshot-3155.png" width="800px"&gt;&lt;/a&gt;</msg>
<status status="PASS" starttime="20210603 13:51:57.884" endtime="20210603 13:51:58.554"></status>
</kw>
<msg timestamp="20210603 13:51:58.555" level="FAIL">Element with locator 'xpath=//div[@class='_491z clearfix']' not found.</msg>
<status status="FAIL" starttime="20210603 13:51:57.873" endtime="20210603 13:51:58.556"></status>
</kw>
<msg timestamp="20210603 13:51:58.556" level="INFO">${element_found} = FAIL</msg>
<msg timestamp="20210603 13:51:58.556" level="INFO">${value} = Element with locator 'xpath=//div[@class='_491z clearfix']' not found.</msg>
<status status="PASS" starttime="20210603 13:51:57.872" endtime="20210603 13:51:58.556"></status>
</kw>
<kw name="Exit For Loop If" library="BuiltIn">
<doc>Stops executing the enclosing for loop if the ``condition`` is true.</doc>
<arguments>
<arg>'${element_found}'=='PASS'</arg>
</arguments>
<status status="PASS" starttime="20210603 13:51:58.556" endtime="20210603 13:51:58.558"></status>
</kw>
<status status="PASS" starttime="20210603 13:51:57.853" endtime="20210603 13:51:58.558"></status>
</kw>
<kw name="${i} = 19" type="foritem">
<kw name="Evaluate" library="BuiltIn">
<doc>Evaluates the given expression in Python and returns the result.</doc>
<arguments>
<arg>${i}*${300}</arg>
</arguments>
<assign>
<var>${start}</var>
</assign>
<msg timestamp="20210603 13:51:58.559" level="INFO">${start} = 5700</msg>
<status status="PASS" starttime="20210603 13:51:58.559" endtime="20210603 13:51:58.559"></status>
</kw>
<kw name="Evaluate" library="BuiltIn">
<doc>Evaluates the given expression in Python and returns the result.</doc>
<arguments>
<arg>${i}*${300}+${300}</arg>
</arguments>
<assign>
<var>${end}</var>
</assign>
<msg timestamp="20210603 13:51:58.561" level="INFO">${end} = 6000</msg>
<status status="PASS" starttime="20210603 13:51:58.560" endtime="20210603 13:51:58.561"></status>
</kw>
<kw name="Execute Javascript" library="SeleniumLibrary">
<doc>Executes the given JavaScript code with possible arguments.</doc>
<arguments>
<arg>window.scrollTo(${start},${end})</arg>
</arguments>
<msg timestamp="20210603 13:51:58.562" level="INFO">Executing JavaScript:
window.scrollTo(5700,6000)
Without any arguments.</msg>
<status status="PASS" starttime="20210603 13:51:58.561" endtime="20210603 13:51:58.602"></status>
</kw>
<kw name="Run Keyword And Ignore Error" library="BuiltIn">
<doc>Runs the given keyword with the given arguments and ignores possible error.</doc>
<arguments>
<arg>Element Should Be Focused</arg>
<arg>${end_element}</arg>
</arguments>
<assign>
<var>${element_found}</var>
<var>${value}</var>
</assign>
<kw name="Element Should Be Focused" library="SeleniumLibrary">
<doc>Verifies that element identified by ``locator`` is focused.</doc>
<arguments>
<arg>${end_element}</arg>
</arguments>
<kw name="Capture Page Screenshot" library="SeleniumLibrary">
<doc>Takes a screenshot of the current page and embeds it into a log file.</doc>
<msg timestamp="20210603 13:51:59.963" level="INFO" html="yes">&lt;/td&gt;&lt;/tr&gt;&lt;tr&gt;&lt;td colspan="3"&gt;&lt;a href="selenium-screenshot-3156.png"&gt;&lt;img src="selenium-screenshot-3156.png" width="800px"&gt;&lt;/a&gt;</msg>
<status status="PASS" starttime="20210603 13:51:58.634" endtime="20210603 13:51:59.964"></status>
</kw>
<msg timestamp="20210603 13:51:59.965" level="FAIL">Element with locator 'xpath=//div[@class='_491z clearfix']' not found.</msg>
<status status="FAIL" starttime="20210603 13:51:58.603" endtime="20210603 13:51:59.965"></status>
</kw>
<msg timestamp="20210603 13:51:59.966" level="INFO">${element_found} = FAIL</msg>
<msg timestamp="20210603 13:51:59.966" level="INFO">${value} = Element with locator 'xpath=//div[@class='_491z clearfix']' not found.</msg>
<status status="PASS" starttime="20210603 13:51:58.603" endtime="20210603 13:51:59.966"></status>
</kw>
<kw name="Exit For Loop If" library="BuiltIn">
<doc>Stops executing the enclosing for loop if the ``condition`` is true.</doc>
<arguments>
<arg>'${element_found}'=='PASS'</arg>
</arguments>
<status status="PASS" starttime="20210603 13:51:59.966" endtime="20210603 13:51:59.967"></status>
</kw>
<status status="PASS" starttime="20210603 13:51:58.558" endtime="20210603 13:51:59.967"></status>
</kw>
<status status="PASS" starttime="20210603 10:51:34.792" endtime="20210603 13:51:59.967"></status>
</kw>
<status status="PASS" starttime="20210603 10:51:34.788" endtime="20210603 13:51:59.967"></status>
</kw>
<kw name="Get Text" library="SeleniumLibrary">
<doc>Returns the text value of the element identified by ``locator``.</doc>
<arguments>
<arg>${Body_Article.art_title_sel}</arg>
</arguments>
<assign>
<var>${art_title}</var>
</assign>
<msg timestamp="20210603 13:52:00.168" level="INFO">${art_title} = Panas! Ini 5 Posisi Seks dalam Adegan Film yang Bisa Jadi Referensi</msg>
<status status="PASS" starttime="20210603 13:51:59.968" endtime="20210603 13:52:00.168"></status>
</kw>
<kw name="Get Text" library="SeleniumLibrary">
<doc>Returns the text value of the element identified by ``locator``.</doc>
<arguments>
<arg>${Body_Article.art_body_sel}</arg>
</arguments>
<assign>
<var>${art_body}</var>
</assign>
<msg timestamp="20210603 13:52:00.489" level="INFO">${art_body} = Salah satu cara menjaga keintiman bersama pasangan adalah dengan berhubungan seks. Namun, bagi pasangan yang aktif secara seksual dan sudah cukup lama menjalin hubungan, mungkin akan merasa bosan bila...</msg>
<status status="PASS" starttime="20210603 13:52:00.169" endtime="20210603 13:52:00.489"></status>
</kw>
<kw name="Get Element Attribute" library="SeleniumLibrary">
<doc>Returns the value of ``attribute`` from the element ``locator``.</doc>
<arguments>
<arg>${Body_Article.art_img_sel}</arg>
<arg>src</arg>
</arguments>
<assign>
<var>${art_img}</var>
</assign>
<msg timestamp="20210603 13:52:00.525" level="INFO">${art_img} = https://cdn.popmama.com/content-images/post/20180702/keuntungan-berhubungan-seks-4-4e68d6879b8a6a240087e657eeda996f.png</msg>
<status status="PASS" starttime="20210603 13:52:00.489" endtime="20210603 13:52:00.525"></status>
</kw>
<kw name="Go To" library="SeleniumLibrary">
<doc>Navigates the current browser window to the provided ``url``.</doc>
<arguments>
<arg>${URL ADMIN}</arg>
</arguments>
<msg timestamp="20210603 13:52:00.526" level="INFO">Opening url 'https://lakibanget.id/wp-admin'</msg>
<status status="PASS" starttime="20210603 13:52:00.525" endtime="20210603 13:52:00.921"></status>
</kw>
<kw name="Input New Article" library="AdminPage">
<arguments>
<arg>${art_title}</arg>
<arg>${art_img} ${art_body} ${source_url}</arg>
</arguments>
<kw name="Input Article title" library="AdminPage">
<arguments>
<arg>${art_title}</arg>
</arguments>
<kw name="Input Text" library="SeleniumLibrary">
<doc>Types the given ``text`` into the text field identified by ``locator``.</doc>
<arguments>
<arg>id=title</arg>
<arg>${title}</arg>
</arguments>
<msg timestamp="20210603 13:52:00.926" level="INFO">Typing text 'Panas! Ini 5 Posisi Seks dalam Adegan Film yang Bisa Jadi Referensi' into text field 'id=title'.</msg>
<kw name="Capture Page Screenshot" library="SeleniumLibrary">
<doc>Takes a screenshot of the current page and embeds it into a log file.</doc>
<msg timestamp="20210603 13:52:01.501" level="INFO" html="yes">&lt;/td&gt;&lt;/tr&gt;&lt;tr&gt;&lt;td colspan="3"&gt;&lt;a href="selenium-screenshot-3157.png"&gt;&lt;img src="selenium-screenshot-3157.png" width="800px"&gt;&lt;/a&gt;</msg>
<status status="PASS" starttime="20210603 13:52:00.947" endtime="20210603 13:52:01.501"></status>
</kw>
<msg timestamp="20210603 13:52:01.534" level="FAIL">Element with locator 'id=title' not found.</msg>
<status status="FAIL" starttime="20210603 13:52:00.925" endtime="20210603 13:52:01.534"></status>
</kw>
<status status="FAIL" starttime="20210603 13:52:00.924" endtime="20210603 13:52:01.534"></status>
</kw>
<status status="FAIL" starttime="20210603 13:52:00.922" endtime="20210603 13:52:01.535"></status>
</kw>
<status status="FAIL" starttime="20210603 10:51:21.160" endtime="20210603 13:52:01.535"></status>
</kw>
<status status="FAIL" starttime="20210603 10:51:09.065" endtime="20210603 13:52:01.535"></status>
</kw>
<status status="FAIL" starttime="20210603 10:40:42.238" endtime="20210603 13:52:01.535"></status>
</kw>
<status status="FAIL" starttime="20210603 10:40:42.237" endtime="20210603 13:52:01.536"></status>
</kw>
<status status="FAIL" starttime="20210603 10:40:32.220" endtime="20210603 13:52:01.536"></status>
</kw>
<kw name="Close Browser" library="SeleniumLibrary" type="teardown">
<doc>Closes the current browser.</doc>
<status status="PASS" starttime="20210603 13:52:01.540" endtime="20210603 13:52:04.908"></status>
</kw>
<status status="FAIL" starttime="20210603 10:39:07.586" endtime="20210603 13:52:04.909" critical="yes">Element with locator 'id=title' not found.</status>
</test>
<status status="FAIL" starttime="20210603 10:39:02.248" endtime="20210603 13:52:04.917"></status>
</suite>
<statistics>
<total>
<stat pass="0" fail="1">Critical Tests</stat>
<stat pass="0" fail="1">All Tests</stat>
</total>
<tag>
</tag>
<suite>
<stat pass="0" fail="1" id="s1" name="CrawlingEngineeTest">CrawlingEngineeTest</stat>
</suite>
</statistics>
<errors>
<msg timestamp="20210603 10:39:07.287" level="ERROR">Error in file 'E:\PERSONAL\Putri\Robot Framework\LakiBanget\Resources\resource.robot' on line 8: Importing test library 'ExtendedSelenium2Library' failed: ModuleNotFoundError: No module named 'ExtendedSelenium2Library'
Traceback (most recent call last):
  None
PYTHONPATH:
  C:\Users\Putri\AppData\Local\Programs\Python\Python38-32\Scripts\robot.exe
  c:\users\putri\appdata\local\programs\python\python38-32\python38.zip
  c:\users\putri\appdata\local\programs\python\python38-32\DLLs
  c:\users\putri\appdata\local\programs\python\python38-32\lib
  c:\users\putri\appdata\local\programs\python\python38-32
  c:\users\putri\appdata\local\programs\python\python38-32\lib\site-packages</msg>
<msg timestamp="20210603 10:51:41.988" level="WARN">Keyword 'Capture Page Screenshot' could not be run on failure: WebDriverException: Message: disconnected: not connected to DevTools
  (Session info: chrome=84.0.4147.105)
</msg>
</errors>
</robot>
